0000117264 [comm] TRACE: starting file length 7820 chunks 16 chunk_size 512
0000117265 [comm.coap] TRACE: sending message id=f06 synchronously
0000117265 [comm.coap] TRACE: sending message id=f06
0000117266 [system] TRACE: send 36
socketSendTo(0,54.175.126.153,5684,,36)
   117.266 AT send      37 "AT+USOST=0,\"54.175.126.153\",5684,36\r\n"
   117.317 AT read  >    3 "\r\n@"
   117.367 AT send      36 "\x17\xfe\xfd\x00\x01\x00\x00\x00\x00\x00\n\x00\x17\x00\x01\x00\x00\x00\x00\x00\n\x0e2\xca\xf5\xe1\x8f\xfc\xb9\x99\x90\x7f\x81+\x11\x1a"
   117.408 AT read  +   16 "\r\n+USOST: 0,36\r\n"
   117.418 AT read OK    6 "\r\nOK\r\n"
   118.528 AT read  +   17 "\r\n+UUSORD: 0,33\r\n"
Socket 0: handle 0 has 33 bytes pending
   118.538 AT send      16 "AT+USORF=0,813\r\n"
   118.578 AT read  +   72 "\r\n+USORF: 0,\"54.175.126.153\",5684,33,\"\x17\xfe\xfd\x00\x01\x00\x00\x00\x00\x00\n\x00\x14\x00\x01\x00\x00\x00\x00\x00\na%\xdf\x8a\x894\b\xda*T/\x8d\""
   118.590 AT read UNK   2 "\r\n"
   118.600 AT read OK    6 "\r\nOK\r\n"
0000118600 [system] TRACE: received 33
0000118600 [comm.coap] TRACE: recieved ACK for message id=f06
0000118601 [comm.protocol] INFO: rcv'd message type=5
   118.651 AT read  +   18 "\r\n+UUSORD: 0,557\r\n"
Socket 0: handle 0 has 557 bytes pending
   118.662 AT send      16 "AT+USORF=0,813\r\n"
   118.762 AT read  +  597 "\r\n+USORF: 0,\"54.175.126.153\",5684,557,\"\x17\xfe\xfd\x00\x01\x00\x00\x00\x00\x00\v\x02 \x00\x01\x00\x00\x00\x00\x00\v\xa3<\x86\xa1\xda\xd6\xc7\x19*\xe1\x0e\xe0sf>\xa0\xc5q#\xecF}\xf5\xc7' \xc8A\x12\xf6`\x1b\xd9M\x19n\xdf\xed\x93\xc9\xf2V\x14\xc6V\xb9W\xb2\xcc\x92z'\xe9\xa1C\xa2\xcaQ\x94\xa8\xae\xd3\xf6\xe9u\x80\xbdq/\x93\xa6v\xfc\b\xa6\\\xf1\x98\xa7\xfd\xdbq\xc7\xc0u\x83\xa0\xd9(\xdb\xb5d\xd9\xf2j\xf0\x87\xc0\xe6:\xbd\xbd\xb8\xe3\x0f7\x90u\xa7n|@\xe6V\xcdR'\xa3\xb5\xed \x0e\xec\xe9OmuQ\xbclX\x10\x9c0\v(\x8d0\x01\r\xa8\xbeO\xbc\xbd\xb4\xd5%\x83\xec\x05\x8b\x10*(\xfe\x15@\x1fn\xa9\x88)R^\xbdX~&6\xf5F'\x04\xdeeE\xbfR1WV\xd9g-\r\xc63+O,\x84t\xc2\xd6,&\x91\xd2\xad7N\xaa\x91\x19\x9c\x88\xe7\x97\x17\x05\xfdt\x9d\xfahG\xbbZ\x19\xa6\xe8\xba\xbf\x1e\x01\xd6K\xdfR\xe9kC\x85\x96T<\xd1%e\xf3S\v\xbc1\x1d\xe4\xa7\xcd\xac\x12T\xdca\x8f\xa1\xc7%\x15ij\x1a\xda\x1b\x16@\xd7xp\x98\xa9\xf7BP\x89cQB\xf5\xb3u\xb5\xdf\x02\trivi_-\xc7\x00v\xcc\xeaf\xcbW\xf4n5E\xa3f\xf7U\xa0\"}\xd6\x87\xb1s\x99\xb4S^E\xc2r\x88&];\x18<\xa7\x83,Z\x96L\x05\xb5l\x81\xc4\x8e\x84\xad\xd2`*\x82\xcb\x8c\xfd\xde\xd0\xc1)\xb0\xbcy\x13\x06o\xb7\xec\x9c,N\x86\x9dY\xab\x91aM\xa0\xdc\xf8\xe7\xf6\x1d\x02iI\x93^\x9b(zrd\xed\xee\x9a\xb2\x9f\x8e`fnE\r\xc4\xe0\xc0j7S\xf5\xb8c\xeepA\xab\xfb}y9\x1fti\r\v8\xd8\xd7\x82}m :\x85@m\x8b$>,\xd6-\xc4\x884\xad\x1a\x9eT7\xc7\xd1\xb9\x0f\xbb\xd4T\xf6\xe32\x19#&\x1a\xdb\x13\"\xe5\xf0\xee+\xc8\xa0NG\xbbe\xbc\x1eV\xdc\xa5\xb8\xdb\x97\xb8\xa5\xff\xee\xfa2{\x9d\x12E\to\x11t\x8e\"^b\x9b\xe3\x84\x00Kb\xba\xdf$#u\xf9\"\xd85N\xcc\xec\a\xe2\xc1`\xb3\x8a\xd7h\b\xf3\xf7\xe2\x15\xcf\xc0\"\x9b\f3\xd3\xbe\""
   118.792 AT read UNK   2 "\r\n"
   118.802 AT read OK    6 "\r\nOK\r\n"
0000118802 [system] TRACE: received 557
0000118803 [comm] TRACE: chunk
0000118804 [comm] TRACE: chunk idx=0 crc=1 fast=1 updating=1
0000118806 [comm.protocol] INFO: rcv'd message type=7
   118.816 AT read  +   18 "\r\n+UUSORD: 0,557\r\n"
Socket 0: handle 0 has 557 bytes pending
   118.827 AT send      16 "AT+USORF=0,813\r\n"
   118.927 AT read  +  597 "\r\n+USORF: 0,\"54.175.126.153\",5684,557,\"\x17\xfe\xfd\x00\x01\x00\x00\x00\x00\x00\f\x02 \x00\x01\x00\x00\x00\x00\x00\f\xce\xfcB\x15%\x9fn\x14)\xce\xc0u\xad\x8b\xfa\xdf[\xc7\x95F\x82\xe2.\x9d->\xd3\xff@\x88\x88\x1b^\xdeAgSOs\x9ewt\xc2\xe0\xc2\xd45\x1d\xa0\xadu\xb5\xf1\xa7\xe8\xd3@\x02\xfacE\xe9\xfdv\xb8\x02,4M\x16\t-\xb0\x9e\x9d.!\x18\xcc?\x13W\xb3KZUc{\xefX+\xd0\"xz\x83+,s\xf9c_\xa0\x9d-\x8c\x8b\xbc\f/\xca\xd1L\x97\x1a[Q3FE\xac=\x11\xec\x98\x18\xf3C\xa0\x16Q\xc7\xca\xb0_4\xaf\xf8\x10l\xad\x81\x14\x11},&&\xf3G?+\xe7\xf6R\xb7{(y\xed\x19d\xefV>\x83^p\x02s@\xa3\x0f\xc4\xaf \xec\x04\xd2\xe6[\xf9\xd6\x9a\xc0\x06\xfa\xe5\x96Q\x8cI\xe7\xfb\xedy/=\xb3g\xe6\xac,Oy\x1a\xb0c\x18\x81\xc2q4\x989e\xcd\x8d\xc0\xdc\xca\xbb!\xeb\x7f\x97\x8b\\q\xda\xa6\x97\xd4'\xfe3(\x9c\x03\xed\xdcj\x84\xb6A\x12\xd6\x00\x853R{\xc8.\x01Lw\xf0\xc3\x13N\xcd|\xe2\xdaGZZ\xb2\xc94W\x84\xd3_GKS\xf58\xd9s\xc5\xa2\xee`\x15\xb4\x0e@\xf1\x16\xec0\xd4=\x8e\x043;q_\xc5\x7f\x8dq\x15\x13L=\x97\x05\x99\xbajW\xa2Qn-v`\x02\x0f_/\xc5\xe3\xe7\x1e\xc5\xfb\x80M\x8eA\xe1\x9c\xa4\x8a\xeaf\n\x8c\a\xfbD%\x99\xe11\xff\x82\xa09\xc9\x17B[\x04\\\xc2\x99\xd1U\x15\xd0\xd0\xbaOY\x10\xcb~\x01\xdco\xea\xb17\xcc\x1a\xd3a\x93\xc7\x17\t\x17\b\xedb\xdcz\x1eT\x9a\xb1\xbc\xaay\x90T\x84\x913\x8d0\xba\xbe\xe8\xa5\xd2E\x8fs\xe9B\xac2B\xa1Q\xa8\xf1\xcaXXp\x91\xb62\xdc\x98\xca\x10\xd8\x0e\xde`B\xda\x834\xe9\x8a%\x02\x9e\xd6\xd7D\xc7X1\xe1\f*\xdb\xb2oK^>\x18]\xde!\x90(\xc4P4\xf3\x8d\xdc\xfd\xedV~X\\'3\xbc\x8c\x99\x1a\xe7X\xfb\x93\x97\xe0\xf3\xc9mc\xc4p\"\xc5\xf5\xc2\xdf*+\x95\xb33\xd5\xfd\xe8(\x87\xb2P7\xf1\x93\xf2\xeab\xe5L\xae\xfcy\x1f\xe8}-\xa9\x9e\xefv\""
   118.957 AT read UNK   2 "\r\n"
   118.967 AT read OK    6 "\r\nOK\r\n"
0000118967 [system] TRACE: received 557
0000118968 [comm] TRACE: chunk
0000118969 [comm] TRACE: chunk idx=1 crc=1 fast=1 updating=1
0000118971 [comm.protocol] INFO: rcv'd message type=7
   118.971 AT read  +   18 "\r\n+UUSORD: 0,557\r\n"
Socket 0: handle 0 has 557 bytes pending
   118.982 AT send      16 "AT+USORF=0,813\r\n"
   119.082 AT read  +  597 "\r\n+USORF: 0,\"54.175.126.153\",5684,557,\"\x17\xfe\xfd\x00\x01\x00\x00\x00\x00\x00\r\x02 \x00\x01\x00\x00\x00\x00\x00\r\xfbu+\xeeC\x9b\xfeg\v\xd7v\xbb\xf0\xaa\x9b\xf9\xe5u\x91\xee\x80y\xe7u\xb4\xfdg\x1e\xc2).Vof\xd8H\x9c\xa8\x9a:\xee0\xc66~\xf2\xcfZ\x12\xea\xdb\x97\x97\x18w<h\xb1az\xe0\xb6U\x93gs\x15\xb8k%\\\xfe\xe4\x1e&*\x9a\t-\xf0\x1c\xef#\xe3\x8eK\x91\xcc\xfa\xc7\fvL'\x89\x1d\x94M=\x15\x9d\xd6\xc06\xe5\xeaQ\x8c\xd8p\xd7\xde\xa8\xab\xdao!\xd6IE\x81\xe1ULd\xd1\xea\xad\x8f\x10\xce\xf5\x10\x0ff\xd5:\\>{\xab\xe0\x18P\b\xafoA\x00<e\xc1b\x06\xd2\x9c\xb2\x8b%\xcbQ\xc5\x83\xb3\x98\x03\xb3{t\xc1\x84\xfb\x8aG\rB`\xf5\xc5L\vX\xe8c\xf0\xb8P\x80S\x19q\xa0\x9e\xf3\xf7\xf2\xea\xe5\x91L\x9a\xb6\xdf\t\x1f.uo\xc6\xa0\xfa\x80\xc6^ST\x9f\x16eQ\xad\x9f\xaf]vU\x9e\xd3\xfd\x10\x9c\x8d\xb0\xcb\x1e\xb2O\xf4\xb8\xfb\xfa$\x81\xdc\xb4\xcb\x15\x95\xabMdd_\xba$\x86\xd7\x13\xd8\xdbem\xec\xa7(\xf6^\xeaoo\xc3\xf6\x16\x89U\x81\xd6P\x172\xe2*jZ\x8f~=V\xab\xc7\xd9\x86\x17F\x899y\xdbs\x97\x99\fOTje)\xbb\xd2\xe6\xb1\xa6L\xec\xe8\xa4\x10=\xf9\x7f\xb4\x06\xbf\x00\xe6}\xdf*\xd2:e\xf4\x89_>\xce\xbfu\\\x91\x1a\xa5wB\xd5XV\xc7\b\xe5'q;us\xfd\xa5\x1e\xbd^\x18(\xf2\nyP.\x9d\x89[\xb9\x8d\x90?W\x0eN\x87@ t\xd4\x7f\xc5\xde2\xcc\r\x1f\xd5\xd0<p\xa3~\x98!\xe9&v\xe3\xd8H*p\x11\xa0\xc4\x1a\x18\xca\xce\x9c\x9c\xe2\xe3\xcd\x93\x89\xc3n\xb9+\x93\xedR\xde\xf9\x9c[\xedz\x0e\x9b\x84oVR\x8e\xca{\xbc\xa7\x1f\x8b\x81\xa3\xa1\v\xd3\x97\xe0\xc3}\x10\xae\x9d\xde\x02\xaa\xd4\x16\x95a\xf3+\x80$7\xb3\f~*W\x03H\x8e\x18W2}\x8a\xeb{\x8bK\xaa?\xf8,\x11\x100\xae\x82\x81\x82\x00\xf4|0\xaa\xd3\x0f\xb4\x98\xf7\x9b\x9a.\xc9\xbd\x83\xb9\xd0\xe7\x16\xeb\x15\xa7\xfbR\xbb-t\xca(\xc7\x9f\xf4D:+\xaaA^\""
   119.112 AT read UNK   2 "\r\n"
   119.122 AT read OK    6 "\r\nOK\r\n"
0000119122 [system] TRACE: received 557
0000119123 [comm] TRACE: chunk
0000119124 [comm] TRACE: chunk idx=2 crc=1 fast=1 updating=1
0000119126 [comm.protocol] INFO: rcv'd message type=7
   119.126 AT read  +   18 "\r\n+UUSORD: 0,557\r\n"
Socket 0: handle 0 has 557 bytes pending
   119.137 AT send      16 "AT+USORF=0,813\r\n"
   119.237 AT read  +  597 "\r\n+USORF: 0,\"54.175.126.153\",5684,557,\"\x17\xfe\xfd\x00\x01\x00\x00\x00\x00\x00\x0e\x02 \x00\x01\x00\x00\x00\x00\x00\x0eLH\xd5\xed'\x15\xba}\xea\xa0Y\xdc\x83@U4\xcdE\xc6\xbeK\x14\xff\xa4fA\x1d\xeb\xe6\x1e\x1aa,\xa7\x84\x19A\xca2\x19\xb7\x97`{\xba\xb4\xf3k\x86C\xf1^\xd4C3\xdf\x7f-\xe8` \xd7\xfft\xa1\x8c\\IR\xcc\xc9Fc\x11\xdd5\xf5\xf9-8\xbbP7\vO\x1b>\x11?\xd0c;5\x18Y\\\x9e\xdb\xa1\b\x03\xec-\xe8\xe1\xe9\xbe\xb2\xf6\xa2\xd5\x04R \x87\xa4KT0!\n\xfb\xbc\xac7\xca\x95A\x7fK\xff\x90\x9b\xcaT8\xf6\xaa\x8c\xa4\x05\x90\\2\x18\xcb\xacA\xae68\x98\x99\xa1\xda\x02\xb4\xf5H\xe6z\x83o\xd4\x99\xb8\xa2\x9a\xabkn+\x03b\xad\x1c\x17\x89\\<\xa7\xb4\x9c\xed\x02\xf6\x01\xd2\xc3\x0f\x1f\xa3\x9bu\xdc{FP\x17 Y+=/\xd2h.\x99Q,\xfe\xe1&\xc6\xb3`>\x7f\a\x83\x82\xc8b1\xbc\xd95x'\xa6\xfa\xde\xd9\x11\x8b0#\xb4!P\xd65a{S\xc3\xabA\xa6\xcd*\x1eb\xbd\x92\x05hI@\xb4\x96i\x02\xd4\xc1\xaf\x18r\v?\xa5\x05p\fJ0\x88\x9e\xf2\xb4\x14\x84\xbb\xae\xa0Li!\xbc%o/\xa6D\x84\xe2@6\xfcS\xa3\x90\xf8\xc1\x94F\x10\xab:|\x93\x88W^l.\x82\x06\x9e`\xd9`-,\xc5\xae\xad\f\x12\x10\x7f\x1brO\x8a3\x05\xfa\x81,\xa7S\xebF\xc1\x06\x85-\x12\n\xaa\x89m\xb5\xd7\xd1\xae\x1eI\x95\x91\xba\x93\xb3C\xd7A\xe1`6{\x8a\xfcK[l\xfae\x81\x0f\xa3\xbd\x96L\xe7.\x1c/f\xd2:\x88c\xdbL\b\x97[\xfe\xe1c|\x1a\x98\x1fQ\xdc\xf3X\xbc<\xc8\x1fS\xa3$\x8c\b\x9d\x17\xec\xc9E\x8e\x98\xfb\xac\xf2\f\xc8'\xf3\x11\x90$\x92\at=\x16\xdcbf\xcb\xc5*\x9d\xe9\xea8JMg\x10\xd2\x8a\xba^z\x8d%*6U\xbdF\xc5\xf8\x7f[\xc6\xa1\x1es{/2\xc9twi\xb7]\x10\xf6\x01\xbby\xef\xe0\xb9\x98\xe0D\xe6\xa8\xa3\xc8E\xce`\xaa\xc0>4\xe1\n\x97W[\xb5\x9a|\xd28\x0f\xb54}\x870\xf1\x06@\xfb\x81|\xed\xc6.*C\xe8)9I\""
   119.266 AT read UNK   2 "\r\n"
   119.276 AT read OK    6 "\r\nOK\r\n"
0000119276 [system] TRACE: received 557
0000119277 [comm] TRACE: chunk
0000119278 [comm] TRACE: chunk idx=3 crc=1 fast=1 updating=1
0000119280 [comm.protocol] INFO: rcv'd message type=7
   119.280 AT read  +   18 "\r\n+UUSORD: 0,557\r\n"
Socket 0: handle 0 has 557 bytes pending
   119.291 AT send      16 "AT+USORF=0,813\r\n"
   119.391 AT read  +  597 "\r\n+USORF: 0,\"54.175.126.153\",5684,557,\"\x17\xfe\xfd\x00\x01\x00\x00\x00\x00\x00\x0f\x02 \x00\x01\x00\x00\x00\x00\x00\x0fS\xa8r\xa2(m49\x82\xbf\xbb\x8f\xa2c\xfc\x02\x97 \xc4\xf6W\x1b\xe1?\xc4s\xc9kE\xc4\x82nF\x9d\xc5e\xe0M6\x01\xc7\x9e\xa4 h\xb3\xeb\x9cl\xdf)b\xa8\x10>\xdb\x92|o\xc89\t\xfa\xdb\xacyc0\x1e\xc4\x11\xe9\xb9\x9c\xf0\x180\xa3\x98\x19\v\x11\xef\xc8^b\x18\xc74\nt\xb1K\xbe\xb3\x0f\xcc\x17J\r\xb0\xaf~@q\xaa@t\xdf\xabG&U\x99\x1c\xc5\xd2\x10\x97(Z\xc9A(\xcaW\x98\"\a0d\xc7\x8e[z\xbc\xc7\xcc\xc6^\xd3\xd2\x91\xa7\xf3f\x05p3*P\xc5\x0fq\x93\x0f\xa7\xa2w\xa2\xb7k\x1a\xaf1\f\x00(f\xc5\xb7\xa7f\xa7\x17u\xde\x03\x8by\xd8\xbfP\x11y\x93t\xa2\xe5\xab\x17\x8c}V\x13_\x01\xa8\xd5\x05?\xcat\r\x00`\v\rcF\x11\x01\x84O&\x1d\xd1\x8d\x7f\x8b\x85C\xf1\xc4\x04j\b\x1di\n\x04\xb1\xb7\xb4\xab\xad\x8d\xb4\xb3\xb4\xca{]\xe0\x9a\x80;\x8d\x9dZ\xea\xfe)m\xdd\xb6\xc2\xc0\xc6a\xf3\x95\x977rS[\xd4.\x1e\x10\xefc\xa8\xd9\x88\xd1\xc5b\xe9\xc1I\x93X6\x99\xa4S\b[\x95\xc1\xd9\xa0I`\xfa\x1f\x9c\x8eG\xa2\x14\xda\x16\x86\x9c\x1d\x9d\x99=.\xb0\xa0I\x8a#/\x05\x10\xf7d\xcd\xe4}\x89\xf9\x04\xf3\x99L\x87l\x12}3\xe9L\xae\xad\x1b\"3\x87y\xed\x15\x9c\x18\xf3\x1d\xca\xb5X\xafC \xb7\xf49\xa4\xb2{\xda\xc4\xb0#1\xc7\xec\x9d\xad<\xf99\xaa\xf6t\xa8\x10\x84{\x1b\xfa.T\xa4\x1e\xdc\x9a5\xc4.\xe1\x8d\x16\xa4l\x05\xee\xe4\xbab\x8a\xd3\xeb\x04\xc5\xf6\xf6\xfbF\x9e\xa3\x82!\xb4o?+\xf9\xed\xb8\x1b\xa1X\x10|~\xe2\x98\xe5\xcd\x98\xaa\x02\x89\x8f\xe5\x80]\x89\x1al\xc7\x7fR\xac\x95\xf7i\x99\xf9U\xda\xbf\xac\xb2\x8d:\x16=\"f\rN\xaav\xc8{\xa2)\x81r\xd9\xc8@II)\xe9f\xd5\x1a\x03\xadq\xd6\"\xb0f\xc1g\xc4u\xf9\r\xab\xd3C\x9e\xd5\xae\x06\x8c_\x0f\xe14\b\x85P'E\x13\xd9j\x16\xf6z\x8bC\xf9\xeb\xdd\xaa\xfb\x1a\xba\xa6<\x9a=\xe4\xdb+\""
   119.421 AT read UNK   2 "\r\n"
   119.431 AT read OK    6 "\r\nOK\r\n"
0000119431 [system] TRACE: received 557
0000119432 [comm] TRACE: chunk
0000119433 [comm] TRACE: chunk idx=4 crc=1 fast=1 updating=1
0000119435 [comm.protocol] INFO: rcv'd message type=7
   119.435 AT read  +   18 "\r\n+UUSORD: 0,557\r\n"
Socket 0: handle 0 has 557 bytes pending
   119.446 AT send      16 "AT+USORF=0,813\r\n"
   119.546 AT read  +  597 "\r\n+USORF: 0,\"54.175.126.153\",5684,557,\"\x17\xfe\xfd\x00\x01\x00\x00\x00\x00\x00\x10\x02 \x00\x01\x00\x00\x00\x00\x00\x10V+?\xc0\xdd\x8a\xdf\xd5\xfd\x9eQ\x04\xd1\xcd\xd4\xd7\xf4V\xf1\x8ey]\xff\\\x1c\f\xf1Sl\xd2)\x8d>B\xc7\xec\xed\x1c;\xfe\x93\xea\xa9\x1dz=Y\xc2\xb6\x8cgr`\xc4\xf1G7\xe2b\x11\xfeR\x1a:\x91\xe2\xc51\xa5@r#(v\xa8\x17\x02S\xf8\xe2\xef \xe2\xd3y\x87\x84\xfef\xf2\x01\xd6=\xc9\x98\xd7\xf5\x15=\x1aT\v\xed+\n\xb5\n \xb7\xbe\x9fP\xab\xf4\x88OZ\xbf\xfd\x8f\xff\xd8\x82!\x03\x84\xa6+6\x14l+\x83\x85X\xd5\xca\xce\x1bZ\xd7\xd6\xfd*/p\xee\xf2\x84g\xe9\xb3\xfc'W\x12w\x81\xef\xdeU_\xc1\x91wxX\xae|L\xf7Td\xcdl)q3:Dv\x98\xd1\xa2HeP\xe9\x16+W\x9c\x00\xde\xe2\x19\xa1\xdd\x03\x8dR\xf6\xab\x1d\xadc\xba?\xd2\xf6\xcb\b\xb0\xdc\xdcR\xe3OK\xa4\xf2\x9e\xe7)\xbf\xbdX\x96D\xaa\xd7\xdc\xc0\xf3\xb2\xacg\x18f\x1aW5\xbe\v\xde(\x87Fj\x03h&\xf2\x8b\xfe\xa2,\x87\x99\x99\xf3\xb7\xad\xfeq#\x00\xb15G\xa0\x7f\xce\xc2\x85Y\x80\x9d-d\x05+\xe1`Y\xef\xb0JG\xa28\x8e\xce\v\xffAw\xad\b\x15\xa5w \xa2m\xe0\xf5\x9b\x8fq\"F\x81\x05\x92\xb5\x9e\xe8\xeax\xbb\xbdd\x02\xcd&\x8f\f\x03\xbe\x9c\x93p\x15\xf5\x80\xc3\b3\x97\x836\xcb\xef\xd4\xf0\x94\xf1\xb7#\x86\x1ef\xe7\xe5\a\x0f\x94\a\x8f!\xec\xf4\xd7\x0f\x04\xadW\xe2\xb6d4\xf8\xb8\xf5\xbc\xaa1Ml\x17\xe4\xe4\xfa\x98\xf4\xed\x98\x86mz\x12\xb4\x91yi\xd8\xa9}T\xb2G\xabi\xbf%\x9f\x02@\xa6\x82\xbeH#\xf7\x94-\x82c\x85\xb0\xb0\xbc&\x8a\xc2\xed~G$9\xc9E\xc3G\xc5\xa3\xc1U\xd1\xa5 \v\xba\x84I;o\x8c\xd0fn\xe7\xef\xa6I\xef\x9f\xec\xce\xe1.\x9fC{\xad\xf0\xa0\xdc\xcbr\x9cm\xe3\xc8S\xb2e\xce\xb6\xd5\xef\x95N\xc1\xe0\xdb\x18\xc9\x06Q\\X\xe5U\x85Cs=j\xb8\xf6\x91\xb1\x1aw\xebB\xbc2\"\xebk5B\x9b\v\xbaeA%\xb3oO\xb8\xdf\x97\xd7Fz\x93\xbcp\xcfj\xd9\""
   119.576 AT read UNK   2 "\r\n"
   119.586 AT read OK    6 "\r\nOK\r\n"
0000119586 [system] TRACE: received 557
0000119587 [comm] TRACE: chunk
0000119588 [comm] TRACE: chunk idx=5 crc=1 fast=1 updating=1
0000119590 [comm.protocol] INFO: rcv'd message type=7
   119.590 AT read  +   18 "\r\n+UUSORD: 0,557\r\n"
Socket 0: handle 0 has 557 bytes pending
   119.601 AT send      16 "AT+USORF=0,813\r\n"
   119.701 AT read  +  597 "\r\n+USORF: 0,\"54.175.126.153\",5684,557,\"\x17\xfe\xfd\x00\x01\x00\x00\x00\x00\x00\x11\x02 \x00\x01\x00\x00\x00\x00\x00\x11\xb2F~Z5D\xfd\xab\xdd\xf7\x1b\x95.\x16vv\x99[\xf9\xab\xf7\x92Wom7\xd52 E\xdc6r\n\xff6\xf5~\x8c\xf6:\xdd^\xbf\"f\x9a\xc1=s(\x99)'t\xe3\xc1\xb9\x8b`\xa3\xaf)\xaa\xf0K%\x19[\xa2b\xa5\x11#L\xa0\xd36\x06\x89\xbcs :HA\x1fll!Y\xa6_\x19\x057\xbc:;\xf9\xbb\x85\xe2N\x16\x8f\xcb\x00\xc1\xbfw\xb9\xd4\xc0F\x9e\x0f\xf6]\xe3\xbb\xfcq\xe1\xb6\xb6be\xc5\xd0\xd1\xb0eoFmp\xc9\x9e~!%|j@\x03\x9b?\xd9\xf8\xc4;\xb8\xe5\xc6\xd6\xb9$\xbf\xdd\xc1(\x02\xed\xdad\x06\x1f\x7f\xc7=3\xf6\xd6s\xf9\x98j\xfd\xa2\x1e\xcc\xa4\x86\xe4\xfc\x84t\xd8\xd7\x15\xc0\x94\x05\xbc\x99\x83\xfc\xa6\x02\x04\xb4\x802\x8a\xb8YS\xe0'\x96|d!\v\xf3\x89ZAcl{Y\x9b\x91\\5$(\xfeq^\x18w\x97\x0f\x8b\xc3\xd5\xea\x97\xad\x95\x95\x80b\x97K'\x7f\xbd\xd9\t\xed!\xdd\xfe;\x14\x83T\xf7\xf0k\xd6\x96K\x97\xd1\x86\x1d\x04\x9b\xe0\x03\xb8\x91b\xb3F\xdb\x02\xed\xb0\x15\x848\x16H\xd2=\x9b&\xd7n\x05\xcb\x8f\xb3\x0e\x97\x83\xf9\xb5\x7f\x93\x01\xd8\xc9\xd9\xdbD \x18!\x83\x94\x91\xd5\xbe\xba\x13\xe14\xcd\xf0\xa9\x83W\x8d\xa2!}\xd6n\x99\x1f\t\x9f\x80a\xcc%\xc7\x15R\x0f\xe1\xd7Z}\xd0]\xa7\x1c\xd1N\x0fa\xc7@\xda\xa6\x9fs\x03\fa\x8a\xf2y\x12\x9b\xa3\xea\xb3\xa6\xa3\xa7\x95\x16\x9e\x7f'\x83D\xd0g\xe4\xe9x\xf0gA\x10\x13.\x1a\x1d\xd0\xe2\xde\xf3r\xe6\x8b\v\xfa\x06\xc9E4\x80\x8a\x05\xe1\x11\x1b\x99\xe0\xa8\x97\xf3\xa9Y6\x9e\x1c]\xcf\xe0\x8b\x9eX55\xd5P\xafe\x8e\xc7\x0f\xfcdm~e\t\xa0\\\xech\xf3\xe4t\xc7\xd8n]\xf6\xd4\x83\x11\x904\b~B\x15\r;\x1b\xe2A\xe8&\x7f\xb4\xf2\x94 qE\xd3\xda>\xb8\xb8\bsK\xefg\xed=ZX\xdfg\x86d\xb1\xcb\x970\x1f|\x17tg\x96Z\xcf\xf8\x8f\x8f9\x96\b\xb6\x7f\x8d\x14o/P\xcf\xc9\a\xf8#\xd9Pe\\\""
   119.732 AT read UNK   2 "\r\n"
   119.742 AT read OK    6 "\r\nOK\r\n"
0000119742 [system] TRACE: received 557
0000119743 [comm] TRACE: chunk
0000119744 [comm] TRACE: chunk idx=6 crc=1 fast=1 updating=1
0000119746 [comm.protocol] INFO: rcv'd message type=7
   119.746 AT read  +   18 "\r\n+UUSORD: 0,557\r\n"
Socket 0: handle 0 has 557 bytes pending
   119.757 AT send      16 "AT+USORF=0,813\r\n"
   119.857 AT read  +  597 "\r\n+USORF: 0,\"54.175.126.153\",5684,557,\"\x17\xfe\xfd\x00\x01\x00\x00\x00\x00\x00\x12\x02 \x00\x01\x00\x00\x00\x00\x00\x12\xa4\x0f\xb4\x8b\x17\xd8:\xf5\xc4\x9e\xdc\xec\xd6\x1e\x91\x833\xe7\xb5\x93\xbf:\x9b\xfb\xd0\x03tsG\x94Y5\x02kY\xed%\x17\xc4et\x0e\xf2T\xa4\x11\xf9\x95\xd0uq6,6\xfe\xa8\xcd\xfc\xd2\xe2i\x87\xd0\xbc\xa2\xc1B\xc6\xb0\xa8\x92M\xa6\xf0\a\x86:\xd1\x122\xc3\xf6\x18\xf1ta\f\x18\xe0~\xc2\xa1ED*\x17,\x15b\x88r4plW\xb9\x062wRE0(\x02\x0eb\x9e\xf2,n\x92CW\x96A\xd8\xf2\xc1*\x83\xd8\xc3\xc0\xf5\xb6V\xdd\x92W.\x8a\xbaf\x86\xd3\xc7\xa5\xa8\a>\xe5\x11i\xe3\xaa\xfc\x87\x1ck\xb2\x12\f\xa6!g\x97\vAJM\xe9\x00\xd5w\xcc\x16\xd5\x15\xa0\x99-0\xb6_\xe0m\xe2\x8a\xd1\x8b\xb1q\xeb\xb4\xf0\xc7\xf0w\x84\xe9\x8b\x139\xaf\xe8?\x1d%\xb0\xde\r\x9d\x98D\xe7$\x16\xfdF\xd1\x89/\xeaqC]5\x85\xb2O\xa1\f\xc0\xc8\xfb\xfeL\x00\xd3)\xad;\xc1(\xf5~*\xb8\x18\xc9h\xcf\x812\xc0\xe5\x86\x9b\xf5\vkW\x15\xd5$\xeb\xb4\x8a\x96S\v\xc1\x9e\x1a\xbcp\xec\xaa)\x99\x8a\x82{\x01\xc1\x8eM\"\x9a8\x88\xf8\xc5\xf7\x97\x87D]\xb3\xfe\xe4\xb7e2N\xe1\xed\xbfk\x8f\xbf\xad\xa1\xaavhl$\xd0\xaa\xd9\xc9\xe2\xba\v \xe6G\x11w\xed!!\xfe\x01\xc7S\xad\x80\xb3\xb5u\xa9\xb1CZ\xb6`\xbfm\x87\x9bx\xa1X\xdc\x06\x18yu~\f\xceHyF\xfc\xd9\xa4cO\xb9g\"^_\xb0\x8b\x88\xd1\x10\x13\x9a\x1d\\^\xeew\x13\x1a7\x7f\xc7\xb9o\xa6\xd0\xc63!\xc4d{\nm&\xf7\xf2\x97\xed \xedM\x803G\xc1\x1f\x84r\xee\xc8\x9f\xd3\x96\x1bw\x809\xef\x8dkH\xe8V\xc6\x8e\x1d\xc5\xb2\r\ak\xb0\nDYRr\f\x02\xfe\xf0&\x06v\xb0\x90C\x96+\x99E\xec\x97y1\x9e\xc8's\xa7\xee\x91`\x96\x93\xc1\xb6\x1d\xaa4\xfaP\x8cU\x87\xc1\x7fZz:\x91\xc7\xa1\xc07\xdeF\xe5{\x83gG0\xd0\xaa|\xdb\xb4\xf6\x12\x7fM\x9f\xbc\xef\xb3\x87\x89\x15\x17\xf2XX\xaf\xbf\f\xffe\xaf\x12\x0fY\xf20\""
   119.887 AT read UNK   2 "\r\n"
   119.897 AT read OK    6 "\r\nOK\r\n"
0000119897 [system] TRACE: received 557
0000119898 [comm] TRACE: chunk
0000119899 [comm] TRACE: chunk idx=7 crc=1 fast=1 updating=1
0000119901 [comm.protocol] INFO: rcv'd message type=7
   120.021 AT read  +   19 "\r\n+UUSORD: 0,1114\r\n"
Socket 0: handle 0 has 1114 bytes pending
   120.032 AT send      16 "AT+USORF=0,813\r\n"
   120.132 AT read  +  597 "\r\n+USORF: 0,\"54.175.126.153\",5684,557,\"\x17\xfe\xfd\x00\x01\x00\x00\x00\x00\x00\x13\x02 \x00\x01\x00\x00\x00\x00\x00\x13\xe9T8b}v\x9e\xa1\x9a\x95<\xe7\xe6\x94\xcd\x1c\xd11\xea\x9d\xe02\xe3\xd8\xcc,\xbd\xe5T\xff0\xbfn{~\x06\x17T\x12\xde\xb6\xbab\xe4\xa3\xac8\xed\\\xddt@L\xe7\x14\xda7\x7fu\x16\x8e\x14\xad\xf9\x97\xbe8\x84)}R`\x13\xe5\xc1.\x88\x9a\xb3{\xb0\x86\x14\xf1{J\x9c\xd8\x88\x06H\x1b\xe0+\x83\x8c\x9aL\x03j\xcb\xfa\xff\xfa\xffk5\xbb\xe7\xa6`\xa4Xg/\xceN\xe4\x92v\x88\xd2\x0fu\x18!o\xb1\xdf#\xe5\xcf\xd9\\\x0eq@\xca\x85+\xb8\x17?4\xa0\x8c0\xa7b\x99\x9a\x95\x01\ty\xa9\x03\b.\r\xce\xad`}kn\xb7\xf4\xff\x81\x16\xc1\x8a\x9ac\x06\xac\xda\x83\xdd\xae\x98\x8f\x8f\xaav\x0f\xdf\x85\x85\xa7\xec4\x83_\xdaT\x1a\x10jFtM\xd7\xf4\x1b\xce\xc3@\xaa\xab\xe5\xba\x14\\\xe0\xf2\x0f\xe0\xd0\xbe*\xac6\xfb\xfa\xa3\xcc\xb9+\xe9\xfe\xf7\xad\xee\x847\xfc\x91kMna\x91\xa5%j\xb1|\xc39\xe2\xc2+\xe1\xfdt\x96X\xdb\x050\xec\xac\xfe1\xc0)\xaf\xaa\x18\xe6\n\xe1`\x98_\x8a\x12\xb5k\x8c\xd9\xc9\xdfM\xf8\x0fcSP\xf64\xb9\xc4\xd1k\xe5\xbe\xe9\x1b\x8a\xd1O\t1O\xbc\xc9{\xad\xd6f\n\xd4Xr\x11\xe4\x16sf2\x107\xf7\xaf\"\xbb|\x89\xa13\x02\x04N\x89\xa1c\x93\x7f\xd8\f\xbePH4\xcf\xf5\xf3\x8e\xf4$\xdd\xd3\xc0\xa7E3h\x87V\xec\xef\xc4d\x83\xce\xe8\xfd7\x9b:U\xe3\x1e\xc7^l\xa6\xe3[\xe3W\xe8D|[\x93\x92\x15\xf0\x1b\x98\x83z\x0fHj\xac\xf4\xc0\xbb\x9ed9\xd1\xe7\xb4\xe5\x92o\xe2\xf7\x92\x1c?\x8eU\xa8\x05}pi\xf2\xb4/\xff%\xd0\xdaU|F\xb4a\xd3\xc1\xd2\x8c,f\xdc\x00\xdf\x88\x90n\xd4\x17\x86]^\xb7\x9e\xf8\xe0\x96\x8d\x8d\x98p\xe1\x02\xea\xc0t5\x86\x10\xa1,\"G\x7fxW+1\xc3\x7f\a\xe4?\xb2\xd1\x02\xf8\xdaf?\xf4\xad3\x8d\xffjI\xcd\x9c\x10/\x13\x1d\xa4.1e\xb2tR`\x98I!0v\xa9\x1c\xf3\t\x01\x8c\xfa\xe1t}\xbbE\xbb\x1b\x8c\xb7;\xf7\xbd\""
   120.163 AT read UNK   2 "\r\n"
   120.173 AT read OK    6 "\r\nOK\r\n"
0000120173 [system] TRACE: received 557
0000120174 [comm] TRACE: chunk
0000120175 [comm] TRACE: chunk idx=8 crc=1 fast=1 updating=1
0000120177 [comm.protocol] INFO: rcv'd message type=7
   120.177 AT read  +   19 "\r\n+UUSORF: 0,1114\r\n"
Socket 0: handle 0 has 1114 bytes pending
   120.188 AT send      16 "AT+USORF=0,813\r\n"
   120.288 AT read  +  597 "\r\n+USORF: 0,\"54.175.126.153\",5684,557,\"\x17\xfe\xfd\x00\x01\x00\x00\x00\x00\x00\x14\x02 \x00\x01\x00\x00\x00\x00\x00\x14\x82\xbe\a%<\xdfQ\xc1\x94e\x16\\\xc9qn\x8f\xcdC\x8b\x90\xccye\x0e-WWrR\xfd\xf7\b\xbb\xb0\xb8\xd4\xfae\x8e\x90\xd5\x85\x18q!Z'Q\xc6Cb\x97\xfb\xbcRpn\xba\x18\xbb\xf4\x84I\x9d\x81{\xee\xbe\xd4\x80R\b\x9e\x05Q\xd9\xde\xf8\x99I\x86\xfb\xbdi?y\xbc\x8f\x97\xac\x1c\xf7J\t\xca\xad0%\xf7\x9e!\x0fSYh\a\xb3\xbd\xa8\x85kf\x97;\x84f\x8f \x0eL\xcd\x9av\x82\x0f\xbd\xa3\x11\x8c$=e\xc2Tw\x92\xa8\a\xb6Yl_\xa1&\xafc\a\xb5\xbe\xdd\x9c\x9eBy\xd7\xf7.\xec\xbcC\x00UY\x9d\x9f\x86.\xdb\x1d\xed\x8f\xb4VWm\f\xa6\xb8!\xdc\xfa.z\x84\x87\x0e\x9bf\xe0\xb9\xb1\x83co#\xef\x81\x0e\xcao\xf9)\xd0 n\xdd\x13'\x01y\xf5\xc6m\x9c\\\x95I\xcd\x1dA\x1d\xae!^y\x9a$\xae_\x9by\x8b\xaes\fV\\\x87\xcb\t\xd96\x97}\xe1\x84\x9d\x82\xd1\x9fqiN\xac\xb9\xfe\xa8\v\x81\x17]\xd4\xc3\xe8\x94\xb6\xebB\xca\x10F\x8b\xf4<\xd7\xdc\x96{\xbaB\x91\xcd\xf7\xd1\xf5\x9c\xdf8\x1cA\xe2m\x11\a.&\xe3\x9a_\xb9B)=A\x95#\xf5\xae\x14\xfb\xcb\xb9\x98\xc4\x81>\xde\xfdV\xed\xd7;\xc1\x84\x80\t@'H\xb6*\xb4\xd7s\xc2\x90\x87\xe5\xee\xe2\x7f\x8a\xd8\xc3gR<\xfc\x17\x8aPy\x01\x1d$\n\f\x1c\xbd\xdf\x04\xe704\xc2\x8f\x18\xcbO\xdf\xc8j;$\xdd\xef\xec\xd2\xae\xe1\xddg\"\x8e3\xb1\x15\xf5\xdb\x9a\n\xab\xd2\x1b\t>\xa1\xb8{q\xef\xfc\xbe\xdc\xf8\xa3\xb7\xf8\xe3\xe9NR\xd4\xdb\x1b}\xb4\xd24\xd2]R\xee\xe9\xaefU\xde1mC\xd9\x18Q\x8d\xbf1\xc3z`\r\xb2\xcb\xd0n\x16\x1a8S\t\x9f\xcd\x14\xe3\xcdI\xe1\x88\x15F\xe69u\xcc\xefw\xe5(8\xa1\xaa\xect\xe6\xe8w<\xa6{\xff\xe3\xf3\xe9\xcc\xb5i\x8dV\x01A\r\x14R\xa5\xb9\xedY\xa1\x9a\xd0\n\x1f\xc6\x11\xe0P/\xeb\xe2\x8an\xc3}\f\x9bT*\xc3\xbfo\xb2\x978\xa6\x1a.~\x1b\xd0\xb3\a\xc3FF\b\xf9\""
   120.318 AT read UNK   2 "\r\n"
   120.328 AT read OK    6 "\r\nOK\r\n"
0000120328 [system] TRACE: received 557
0000120329 [comm] TRACE: chunk
0000120330 [comm] TRACE: chunk idx=9 crc=1 fast=1 updating=1
0000120332 [comm.protocol] INFO: rcv'd message type=7
   120.332 AT read  +   19 "\r\n+UUSORF: 0,1114\r\n"
Socket 0: handle 0 has 1114 bytes pending
   120.344 AT send      16 "AT+USORF=0,813\r\n"
   120.444 AT read  +  597 "\r\n+USORF: 0,\"54.175.126.153\",5684,557,\"\x17\xfe\xfd\x00\x01\x00\x00\x00\x00\x00\x15\x02 \x00\x01\x00\x00\x00\x00\x00\x155H\x13\xecx2T\x8f\xe2\xa8\x92\xb1\xb9\xa5\xf8\x0ed\xdf\xf6>\x7f\x8f^\xa0*\x97u\fyqK\x9a\x16\f\xdcP\xa3\"'\x80\xd5\a\xf9C'\xd4\"\x93\x1d?cm\x95\xd4.>\x87\x19\x00_\x19f\vC\b\x88c\xd4F\xc3\x8c\"\xf2Y\x91f\xbf\xea\xaf\xad\x8d[\xc6\xa6\x82\xf8\xbd\x97H\xfe\xa7\x87)0\xe3\x83u&\xcbC$6#\x98\xf2\xe3\x12U\x11\x94\x84\x18\xd4j\xdf.\x9f\xe3p?X\xbcu\x0e\xe8\xce\xd9v\x11\xe2r\xaeNG\xb7;\x1c@\x040\xc6\x92\x9c/\x13}\xa7\xb8\x14\x8e\x18D`8\x8dq\xed\x81P\xbfM\xcd\xf3\x88#|\x00\x9f\x9f\xff\xbcc\xde\xd3\xf1G\x1c*!\x97J\xcfjQ\xbaQuF1\xec\x97\x8f\xc8\xbb\xc6\x02\xb6\x0e\xa2w\xbf\xc3WT\xa9\xa8\xca\xdba\xe6B\xc9\xd8\xf4\xd4\xfa}\xa6\xcc\xed\xca\x0eiEm]\x1c2\xc2IN\xa00\xb3a\x06\xbe\xab\xc0\xcd\x0ew\x13\xe4\xa5\xb7\xeb\x06\x00\xfe\x1c\x98\x17X\xf2\xfbX\x91vG]3\xed\t7SH\x1f\xd6\x12\xee\x10T\nE\xed}\xc2L\x1fU\xb82\xd9M >:\xd0\x13_\xcf\x1b.z\xbc\xff7\x8e:\xda\x8b\x1e\xc5T\x91\x05INl\xe2_\x0f\xf9:\xe0I,\x84\xf8\"\x93\x82,\x14)x{X\xa2\x7f\xdd\xaf\xc5\x04 \xfb\xc7\x01K\xeb\xa46/ g\xcc\x84wY\xb0\x8c\x05GxY\xcf\xfa\xcb1\xf8\xe9G\x91\xd3\xe7\xfb&\xf2\xb4\x1dxb>\xder\xc3\x97R\xa2\xde\xe2\xc1\xfc\xdd\x81\xde\xc5\xc0\n\xf1\x0f\r\xd4\x03w\x84|\xe5W\x8d\x01\xb4>*\xb2\x98<\xbc\xffh\xb4&M\xcd[\xc4\xec%\a7K\x83]\x05qi6\xfa\xa9\x18\xd7+\xd9\x9e\a\xc7e\xaf\x13Q\x96\x83\xabImT\xf0\x03\xa7\x0e9z\xb7,nQ$\xae\xe6#M\xda\xa6cv\xf5\xfbe\v)\xe4\x7f\xf3$\x1e!\xc5\x1d\xc6ObSr7\xc0oD\x90\xc0\xd1\x80-\x1e\xea\xb2zY\x0f\x89\xef\x85V\x1d:\x94\xc7:\xe4j\xd6\xc3t\x12\x1b@\xa3\xe9\xb5\xcd|_g86\x01J\xdcr\x9e&\xa4\xbf\x0f\xde\x1e\""
   120.474 AT read UNK   2 "\r\n"
   120.484 AT read OK    6 "\r\nOK\r\n"
0000120484 [system] TRACE: received 557
0000120485 [comm] TRACE: chunk
0000120486 [comm] TRACE: chunk idx=10 crc=1 fast=1 updating=1
0000120488 [comm.protocol] INFO: rcv'd message type=7
   120.488 AT read  +   19 "\r\n+UUSORF: 0,1114\r\n"
Socket 0: handle 0 has 1114 bytes pending
   120.499 AT send      16 "AT+USORF=0,813\r\n"
   120.599 AT read  +  597 "\r\n+USORF: 0,\"54.175.126.153\",5684,557,\"\x17\xfe\xfd\x00\x01\x00\x00\x00\x00\x00\x16\x02 \x00\x01\x00\x00\x00\x00\x00\x16I\x8c2\xfek\xad\xf9\xab\xb6\x9b\\\xcc\xc7@\xb1\xda\xbb\v\xf6\\\x18p\xcd\xbes\x90\x8dP\x95\x8e\xda\a\xa4\xa4\xb3\xd2\xa7+\x0e\x19\xb3ID\xedRp\x8c\x8eE\xf9\xf4\xb6\xea\xce\xe1\x96%!\x026\xf6\x9f\b2\xa1\xf3\x86%\x11\x1aA\"|(\xde\xedCA\x82\f\xdb\xefA\xcc\xf4\x91\x9e\r\x1cg\xd7\x15\xbc\xa7\xee\x88x\xc0!\x01\x11>M\x836\xe5<\x8e\x8a^^kW\xcc\xfb\x82\xea\x1c}\xec\xbe\x96\xbd2\x15\x9c1\x9c\x00OK\xbe\x05\xe4\x91V6\xbe\xc5\x8a\xea\xd6\x95\x8f\xd3\xcc\x1cD)\x9e\r*\x8a\rz\xb8\xe7\xc2j\xea\a\xed\x8f#l\xd8\f\xebbi\xb1\xa5\xd8\xef\x1d\x88\xfb\xfdY\x19._\xe2XB]9\xcf\xfau9&\x0fG]wm\xd4\xbd\xa8\x1dg\x88\xddE\x1cP/\\;4\x06_\xac.\x9f\x17\x80\xa3\xbf\xf7\r\xe8\xbc\xb9\xd9\xfb\x1b\xe9o(\xfa<\xd3\xdd\xa8 O\x12\x1e\xa1`\x88{\xc1\x96]\x14oaz\x9d4~=\xa5\x88\xb8\xae\xb1\xc4)\x1c\xcf\xcd\xe0+\xfa\xb2Z\xde\x1b\x19.&'\"\xb3\xac\x18\aU\xf9H\x05b\xfc\xd1u`\xff4tz\xf6\xf6o/@\xc6X\x8fE{\xc5\x9an,_T\x1e+},\xf3\xfc\x03&K\x1c\xe4+\x1e\xe1\xa6\xf0f\xfad\aW\xcf7\x02\x17\x8b*\"\x04\r-!\xb0\x99\xc8\r\xc9\xab\v\xf6\xa4\xcc\xa9X\x87\x88#\x8a\r\xf3\xe5\x80?\xdcB\xca\xe9\xc2\xb8*\xd9\x81\xc2\xcd\x15\xad\xb1b\xabPI\x8e\x9f-%\xcc\xc9\xc4\xacP\xe3\xd0Ag\xe2\xb1w$\xd2\xa9I\x1a\xfa(\xb4u\xff\xb0\xf667/5\x99\x8d\x8bc?\xec\xe3\xd9\xaf~\x06\xa4 O\xc0\xe6\xbf\xb1\x00)\xc7\xe8\x1d\xb5|\x8b3\xc1Z\xbeCTr\x1c'v\x9e\xb4\xb6L\xe3\xa1\xb2\xf9\xed\xd5\xf0c\x99!\xedL\x83=\x84V\xf4&\xcf\x00\x90^+^[\xfcdQ\xb2Y\xb5z\x0e\xed2m\xe9\x1e\xd3e\xbc\x9f?N\x80\xe1\xe3\x8db\xbfm\x066\xb9\x91\xca!\x1b\x9a6\x18\xcbx\xd5\xe2\xf6\xe7\xac\r\xb6\xdcU\xbf\xbd\x9d\x8f}T^N\xd3pw\""
   120.629 AT read UNK   2 "\r\n"
   120.639 AT read OK    6 "\r\nOK\r\n"
0000120639 [system] TRACE: received 557
0000120640 [comm] TRACE: chunk
0000120641 [comm] TRACE: chunk idx=11 crc=1 fast=1 updating=1
0000120643 [comm.protocol] INFO: rcv'd message type=7
   120.643 AT read  +   19 "\r\n+UUSORF: 0,1707\r\n"
Socket 0: handle 0 has 1707 bytes pending
   120.655 AT send      16 "AT+USORF=0,813\r\n"
   120.755 AT read  +  597 "\r\n+USORF: 0,\"54.175.126.153\",5684,557,\"\x17\xfe\xfd\x00\x01\x00\x00\x00\x00\x00\x17\x02 \x00\x01\x00\x00\x00\x00\x00\x17\x9b eOtS\xfc\xc4\x91H\xc9\f\xd9\x16\x9b\x88it\x90(\xef}J\x9d\x03\xd8\x06\x17\xce\x99\x1c\xf7y\xa3\xfc\x96\x1c(\x02\x86\x1a\xa2)\xca\x1a\x8f\x8b6\x91q\xef\xad\xf6\x10\xe5_`\xb9\xab\x1aTz\x1c7=\x1fIP+\xf4\xb9\xa6\x91\x03?\xd2\x02\x84\xe3i\xfd\xbc\x89\xa5\x00g\xe1\x1fv\x16\x1a\x87\xcb\xa4'\xf4\xfb;\bL\xcc\x1c\vk\xcf\x8bP\xd6h\v\x9a\xe3\xec\x95\x13\xe4:\x00\xd6\x15\x1dx\x98\xa4\xb1\xca\xb7\x86X$\\\x9a\x822\xa7$\xa0\x91w\x1c\xf7\x9c\x01\xcf\xf5w\xb5\x93\x8e2N\xf2\x160\a\x9e\xe3S\xfb|\x1fm\xd0\xe9\xa1\xb68  \x1b\x02\x93\xb2/\xa4\xf44\x93dB\xbc\xc0\x86\xc4]\xc6\xdd\xb6\xec\xde\xa7\xc2\x99\x19TY\x87\x8a\xa6aN\x7f\x85\xcf\x82\xd8\xe1\x1a\x9d)\xabB\a\xf6_~\xb0=\x94E\xd1T\xb3\x05D\x120B\xdb\x1e\xe1\x87\xf4\xbf\x1f\xceg\x14\xfaN\xb0\xc9\xe0\xe0\xb4\xbak\xf4\x90\xfb\xc6M\xc9_\x11\xb5n7\xe5\xde-./\x00\xdf\b\xfd\x917\x89b\xc6)P\xccy\\%\xef\xa3\xb8\xc5\xc4\x94\x16\xb5\xd2\xd5\xe5_\xd7\x86\xaaC\x19S/\xf3\x99u>A\xa6\xa79M1T\xb4\x9a\xdc\xde\x02\xb1\xea\xcb\xf1\x90\x9dO\xa4\x89\xc7m\xa4O!\xa62\xb5\xf6\xee\x18\x8cDo\x02\x91\xcbI\xa50\xe6\xb8M\xa3\x9a\x82~\fRg\xcf\r\xf4L,\xf4\xde1\xebq0\x95\x95\x05K\x05\x8e>\xc6\x13\x87\x03\xe5\x13q\x03\xba\xb2]y\xc7\xc1\xbe\x9d\xc4\xad\x0f\xf2\xae\x86j\x12\x99\xd9\\\b\xc0\xa3\xebA4\x92\x02\x11\xb2'*H\xf6\x11'6\xf9\xc0ZIm\xe3\x99\xa4\x85fO\xeab|\x9b}\xd9\xc1CN\x9b\x84\x7f\xa6\xe0\xee\xe9\x0f\xd38\x8c\x0e\xcdg\xf8\xde\xa9M\xcb\x16\xa9\x80K\xdf\xcdgK\xbd\xf3\xf6\xe1\x19\xfcV^\xe9\x8d-(X\xa8\xf5c^\xbb\x1d\xdc\n\xb9\x83.\xfbGo\xf3\x8a\x8c\x03\xc8R\t\xdd\x9f\xf02\xef\xd5\x17\xbc\x8dZ\x93\xb3\xd6r\xa9;\x8d\xb7+\xaeH\x00b\xbc\x1e\x8f\xabr~\xd0\xbdc!\x96\xb1\xccaqE\t^\""
   120.786 AT read UNK   2 "\r\n"
   120.796 AT read OK    6 "\r\nOK\r\n"
0000120796 [system] TRACE: received 557
0000120797 [comm] TRACE: chunk
0000120798 [comm] TRACE: chunk idx=12 crc=1 fast=1 updating=1
0000120800 [comm.protocol] INFO: rcv'd message type=7
   120.800 AT read  +   19 "\r\n+UUSORF: 0,1707\r\n"
Socket 0: handle 0 has 1707 bytes pending
   120.811 AT send      16 "AT+USORF=0,813\r\n"
   120.911 AT read  +  597 "\r\n+USORF: 0,\"54.175.126.153\",5684,557,\"\x17\xfe\xfd\x00\x01\x00\x00\x00\x00\x00\x18\x02 \x00\x01\x00\x00\x00\x00\x00\x18S\xf8\x95\xc0\xb5\x93\x8a\bf\x06PI\x13\r\xcb\xad\x1c6\xec\x1a}\xa3\x90\x81g\xbdu7[I\b\xbe\xa3&\x1a*>\x87\xdfY\x1a\x7fS\xceT\x92\xefjD\x03\xc4\xf7O\x0ez\xf2A\xf8\x94\xdf\xd4y\xb5\xb4\xdcs\xa1\x99\x8bsZ\xe0\x04\xde\xa2\xdd\xd6~\x10#c\xec6d\x05Y\xa7\x88ln\x9d\f\xf2;\x01$\x02\xca7\xc2U\x95#\x8c^\xafF\x9a\xa6\xe0,\x9c\xa6\xef\xf2]n\xe5\xd2\xac^\x9c\x86\x9a\xb5\xe8_E1\xab\xc8\xd1\xbfP\xa6\xd8\x7f\xd2\xd1\x04\xe6u\x88\xcdO8\x05\x95\xc6\xcf\x12\xac\n\xc9{9\xd2\xb4\nu\xc8['\xbc_l\x0e\xa66\x82\x82\xb7\x9b\x10\x8e$N6\t\xc2\xa7\xd4\\w\x1d!\xb3\xcc\x1bbK\xcc\xd6\xc5\b\x9c\x8e\xd1b\xcd\a\xe9\xc3\xfbp\"IG-+\xfc\xb6\x0en\xa8\xcd\xabF;\xc6~\xf0\v\xc4A\x1e\x15V\x9e\x05\xe7>|\xcd\xab%F\x03\xd6\xee\xae\xc3\x18\x82\xe8\xcd\x06\xaa\x1b\x18\xc7jDJ\xe2\f5|\x1a\x90#w\xd9\x7f\xb1\x8f\x04$\xc9?\xf3\xb1\xc0\xcb\xe5\xed\xc9\xfb\xd6[\x99\x03\xe6s)\xd7\x83J\x93\xb6\t!U\xb3\x84\xb4\xcb\x9e:\xa7W\xc2\xbf\xd7\xbb'p\xd2\xd3\xd3\xdeM&\x97\xb6\tJ\xd2`y\x85\xe2\xad\xfc\xd3\xa0\x89S\xcbrV}\xf5\x06\xbd\xb9c\xbc\x17D\xe2\x03\x97\xcex\x15/\xf3]\x89\xb9\xb7\x06\xf3Nt\xf4\xd3\xf2\xed\xc4\xa6\xc4\x06\x01\xb0\x7f\xa3PS\xbbE\x85)\x02\xa6\xa1j\x17\xf2\xcf\xf2\x1f\x11\x83CC\x10\\\xaa0{\x98)\x1a\x02%V\xdd\xbfryN\xednY\xda\x86\xabR\xd9\x9af&\xf8\x04R\x9b\xe1\xc8\x86\xee\x05/\x1d+\xa2}iE\xcb\x99\x14\xdbZ\xbd\tHb1\xaa\xe1\xd0\xb5\x98\xe0\xb7\xa5\x91\b\x1f\xc6(\x93\x9d\\e\\\x06;&\xbc\x1c\x7f\xa1\xb7\xa6\r\xc0\x02z\ax\xd0\x16\xd7!N\vA\a\xf5\x19\x95Ki\x9d\x82%\x8c\xab\x1dsz\xef\x83a\x15\r\xefi\x8d\xdb\xd3ZqkL\x90}\xb6\x89\xc6 \xd6\xa5\xf6\x8cyX\t{R\x95\x85\xa3\xb5\t\xe5dT\xfa\x15Z?\xd1\""
   120.941 AT read UNK   2 "\r\n"
   120.951 AT read OK    6 "\r\nOK\r\n"
0000120951 [system] TRACE: received 557
0000120952 [comm] TRACE: chunk
0000120953 [comm] TRACE: chunk idx=13 crc=1 fast=1 updating=1
0000120955 [comm.protocol] INFO: rcv'd message type=7
   120.955 AT read  +   19 "\r\n+UUSORF: 0,1150\r\n"
Socket 0: handle 0 has 1150 bytes pending
   120.966 AT send      16 "AT+USORF=0,813\r\n"
   121.066 AT read  +  597 "\r\n+USORF: 0,\"54.175.126.153\",5684,557,\"\x17\xfe\xfd\x00\x01\x00\x00\x00\x00\x00\x19\x02 \x00\x01\x00\x00\x00\x00\x00\x19\xdd~g\xeby\xea\xd5a\x85\x9b\xb7\xf2\xda7\x9f\xc9\x98\xd1\xca\xc6y\xac\x17V\xd9\x9f!}\x9eA\x92'\x04\xda\"\xf5\x86K)\xea\b\xbe\xf1\xc51p3\x97\bb\xff\xa3\x1b\x0e\xbc\x1b\xb4\x89\x13a\xb4`\x85\n\x95d\xe8\x8e\x0f\x05jSZp\x1c\xa41\x8a\xf5\xbf\xec&\x00?cD\xdf\x9b\xfce\xde\x84[_\xfbg\xabWq\x0e\x03\b\xda\xfbK\x9a\xf0W\a\xb8\xc9\x82Ny\xabA\xdcI\x11u\t\x9e\x8d\x97\x02S\xbe\xd9B#]\x0e\xe8\f_\xe7\x01-M\x15d\xe4\xa6:\x95]WN\x1a\xe2\xb2L\xaf\xc4\xaa`W\x8f\xf7x90\x19*\x95<\xe9\x03\xd3\xa5\xf6\x13\x8bt\x92\x13[\xbe\x17\xf1\xe1\xa8K0\xf5\x8e\xd9,\x9e\xf2*\x88\x06a\xb9\xb6\xf5\xf6\xc4\n\xa8\x964\xacWs\xa3O\xd0\x16\x88i\xebG\x02\xf19nQd\xdfY\x9d@m\xb9\x81Q\x16\xdf\xd6\xa6\x927p#\xa6\xd9t\xbc\xfb\x11zAn\xb5\xdd\b\xe9\xb7\x02\xae\xf8\x92\xd1\x06\xab\x85\xc5\x02~\xf7\x98\xeet\x1c\xe6\x06\xde\xaa\xaa\x91\xd3\x8a\xc3;\x96q\xb1s\xe1^\x84!2 o\x87\xe7\x16\xc4\xa2\r\xc8\x7f\xe0\xf9\x98j\"\xb5\x01j\xfc\x15\xb3\x01Wk\xdf\x1b\x10|\x8d+=\xf5\x15\xa1}\x9d\x1b\xb8]\xb6\xa50\r\xb1\x85 0:\xb0\xe8\x96vM\x81.\x8a\xc8;\xf6\x92\xfeT %\xe8\xa7\xd5\xc8\x06\x90\x023\x87\xbae\xa1\\\\=/\x05\xa0\r\x1a\xc0\x8e1M\x81k]\xe4w\v\xfc\xa5+q_/r\xad\x86\xb5\xd7q\x8c\x9e\xaf\xa4\xff\x8d\xde\xa0+0\xf7K\x13\xe0\x05o\x1fx\x17A\x8d\xf7\xe7\xaa\x83\xe4\xae\x1f\xc23g\xbf\xe8f\x83rB\xab\x8b\xd2\xc5#\xd1\x15\xcf\x19J\xa0`\xce{\xf9\xfce\xdc\xc2\xaf\xfd\x80&f(F\xc6\xea,\x91\x82i\x10H\xc8\xaa\xd7\x81;\xb9\xef\xf4\xbbx1\x1b\x9b\a\xf5'\x95\xc6\t{\xf26\x95\x8f\x97\xaf\xb7A\x83F\x84\xa7\xc7Q\xbax}\xd6_\x8b\xda\x05\x1cj\x12\xacXI\xdf\xadRo\xae\xfb\xbe\xae\x04\x82\x81\xa5\x89\xb1\x05\v_Y\x06\x1e\xdb\x89}\xb8\xda\x13\""
   121.097 AT read UNK   2 "\r\n"
   121.107 AT read OK    6 "\r\nOK\r\n"
0000121107 [system] TRACE: received 557
0000121108 [comm] TRACE: chunk
0000121109 [comm] TRACE: chunk idx=14 crc=1 fast=1 updating=1
0000121111 [comm.protocol] INFO: rcv'd message type=7
   121.111 AT read  +   18 "\r\n+UUSORF: 0,593\r\n"
Socket 0: handle 0 has 593 bytes pending
   121.122 AT send      16 "AT+USORF=0,813\r\n"
   121.162 AT read  +   75 "\r\n+USORF: 0,\"54.175.126.153\",5684,36,\"\x17\xfe\xfd\x00\x01\x00\x00\x00\x00\x00\x1b\x00\x17\x00\x01\x00\x00\x00\x00\x00\x1b\xa6X\"\xba\n\xd1P\x11W\xa2\x82\xadDg\xf4\""
   121.174 AT read UNK   2 "\r\n"
   121.184 AT read OK    6 "\r\nOK\r\n"
0000121184 [system] TRACE: received 36
0000121184 [comm] TRACE: update done received
0000121185 [comm.coap] TRACE: sending message id=d918
0000121185 [system] TRACE: send 34
socketSendTo(0,54.175.126.153,5684,,34)
   121.185 AT send      37 "AT+USOST=0,\"54.175.126.153\",5684,34\r\n"
   121.187 AT read  +   18 "\r\n+UUSORF: 0,557\r\n"
Socket 0: handle 0 has 557 bytes pending
   121.238 AT read  >    3 "\r\n@"
   121.288 AT send      34 "\x17\xfe\xfd\x00\x01\x00\x00\x00\x00\x00\v\x00\x15\x00\x01\x00\x00\x00\x00\x00\v\x12758&\xe8T9\xb6\xf6s\x9b\xb2"
   121.329 AT read  +   16 "\r\n+USOST: 0,34\r\n"
   121.339 AT read OK    6 "\r\nOK\r\n"
0000121339 [comm] TRACE: update done - missing chunks starting at 15
0000121339 [comm] TRACE: Sent 1 missing chunks
0000121340 [comm.coap] TRACE: sending message id=f07 synchronously
0000121340 [comm.coap] TRACE: sending message id=f07
0000121340 [system] TRACE: send 38
socketSendTo(0,54.175.126.153,5684,,38)
   121.341 AT send      37 "AT+USOST=0,\"54.175.126.153\",5684,38\r\n"
   121.392 AT read  >    3 "\r\n@"
   121.442 AT send      38 "\x17\xfe\xfd\x00\x01\x00\x00\x00\x00\x00\f\x00\x19\x00\x01\x00\x00\x00\x00\x00\f\x9d\x99;\x8b\xc5\xbd\xf4\xf6+\x87x\xf26l@\xbb\xe6"
   121.483 AT read  +   16 "\r\n+USOST: 0,38\r\n"
   121.493 AT read OK    6 "\r\nOK\r\n"
   121.503 AT send      16 "AT+USORF=0,813\r\n"
   121.603 AT read  +  597 "\r\n+USORF: 0,\"54.175.126.153\",5684,557,\"\x17\xfe\xfd\x00\x01\x00\x00\x00\x00\x00\x1a\x02 \x00\x01\x00\x00\x00\x00\x00\x1a\x84\v\xab\xbc9am\xb89\xf6\xe8!\xdc\xe2 \x91%\xea\xe0\xfb\xb79\x8f\xc5^\xcb\xc9\x95\xc9\xce-\xbe\x81y(a\xf7S\xac!\xcb|J\x198I\\\x82K\x0fw\xc4KG\x8a>]\x14\xfc]\xad\xcc\xa3\xd9\xc3\x19\x0eN\x9c\xa9m\xca\xf4T\vr/\xe1\xf8\xbe\xf53\xcc}\xba]\xa1D5S\xcer\x80~\xd2/K\xffq\b\xb1a\xdb\xd6\xf2\x83AccW\x13\xf5\xd2\xfdA\x1cq<<_\x10\x81}IA\xfbPs\x86\xaf\x15J\xcb[\xbe\xa2\xfbz?\xd8\xf3%,\x7f\xc7\xd6l(#/\x85\xbf\xa6d\x9a\xd6\xce\x1f\x9e\xfa\xaa}.\xc9\xa2M\xb6^\x9aeDG\x8a\f\x90\xbai\t\x93\x02u;\x8f\x98\xe7g\x10\x85\x90\x04yM|Q\xd8\xc7\xbcS\x80\x88/\xac\xc9\xcd\x98OD\x04\x1f\xd3StZ\x88\xd0gk\n\x8c\xca\xde\xe6T\xc3o@\x99\xe2\xa57\xc0\xaa*\x19\xc2Q\xac\xc9\x92\xa8\xf4\x10\xd4\xb5\xd6>\xebc\xa5:\xf9\xe5T\x00\x93i\x89\x05\xa1\\\x16B\x89\x9d\x16@\xcdEf\xac\xa8\x02}o\x93\xa6\xed\xfe\xc6\xa48J?n`i\xebOx\xe0\xb1[5\x91\xd4\x83\xe8g\xba\x92\x8f\xf3\x19\x10\t\x166\xcb\x89\x86\x15N\xd7\xfe<!\xedZ\x81|\\+\xd6\xc5\xb6s\xeah\x84\xa5c\xd0\xab\t\xe7\xfb\x960kU\x18\xb4\x84\x7f\xc9\xa1\xb6\xf3\x0f7\x1b\xb2.\x11\xed\x86\x93\xf4\xfd\xbea6(vZB\xdf\xc6\xa5\\\x84\x12\x82Z\x8c|\xc9v<4\xd2\x97\x17\x8c\xeb\xf2_D\xeec\xd0\nk\x1f\xaa\x18\xe0C\r\x83S.\xaf\xc4\t\xdd\x88\xb2\xcb\xcdX\xf8Oc\x06\x84\xc2\x87\xb3#\xa3\x1c\xa8IX/\xc2\xa4\xed\xae2\xc9)\xe7\x19/\x962\xb7\xe8]\xbe\x164\xc1|_\xacB_J\x86\x9d`s[\x93\x8dw \xe9_\x96\r\x86T\xcbO\x9f\xb7\x14\xe6\f\x81\x1fa\x86\x9e\xecT,\x99P\x97\x81\v\xb6\xecN\xfdNJ\xdd\xb86G\xbd\x82\x85q)v\xd5\x889S\xb7\xae\xdf0\x96\"\x9dF#V\t$_qs\xff\xa8@\xd2\xd4w\xf0\x0f\x83\x01\x18z+\xc8g\""
   121.633 AT read UNK   2 "\r\n"
   121.643 AT read OK    6 "\r\nOK\r\n"
0000121643 [system] TRACE: received 557
   122.074 AT read  +   17 "\r\n+UUSORD: 0,33\r\n"
Socket 0: handle 0 has 33 bytes pending
   122.084 AT send      16 "AT+USORF=0,813\r\n"
   122.124 AT read  +   72 "\r\n+USORF: 0,\"54.175.126.153\",5684,33,\"\x17\xfe\xfd\x00\x01\x00\x00\x00\x00\x00\x1c\x00\x14\x00\x01\x00\x00\x00\x00\x00\x1c\xca4\b:wA\xd9\x01\f\x10\x8c\xff\""
   122.136 AT read UNK   2 "\r\n"
   122.146 AT read OK    6 "\r\nOK\r\n"
0000122146 [system] TRACE: received 33
0000122146 [comm.coap] TRACE: recieved ACK for message id=f07
0000122147 [comm.protocol] INFO: rcv'd message type=6
   122.217 AT read  +   18 "\r\n+UUSORD: 0,557\r\n"
Socket 0: handle 0 has 557 bytes pending
   122.228 AT send      16 "AT+USORF=0,813\r\n"
   122.328 AT read  +  597 "\r\n+USORF: 0,\"54.175.126.153\",5684,557,\"\x17\xfe\xfd\x00\x01\x00\x00\x00\x00\x00\x1d\x02 \x00\x01\x00\x00\x00\x00\x00\x1d\xf1\xee\a\xbe\xcf\x8e\x95\xb7\xb1X\x98a\xeb\x19\xa4(\xbf\xa3;\xc4\xc8#\x1c\xc06\\w\x93\xc5\x91\x04\xc1\xc9\xf6b\x00B\x18\x02\xfd\x05.~C\x1b5,?Z\x92\x17O\x16\xdb9\xed\xf5J+\x86s\xa7\xf6\xdf$i\xd1\xdc\x10\xa7\xd5WK\xbb{\xce}\xdd\xc5\xf3\x1b\xbf\xb7{\xef</\xabz\xf9~)H\vTcz\xe5k\x95K\x82e%\xb9\xd9J\xd7\xdc\x9a\xa1\x8e\xa6T\x86\xe4j_iM\x86\xafo\xd0\x17^\xdd\xa2\x15G\x7fK&\xbd\x04\xc2\x12\xac5d\xf8\\\xf6\x8f\xeb=\xab\xd9\x143m\xeao\xca8\xd2\x94\x9e(<\x84<\"?p@\"\xf3BS\xa3\x91\aB\v)\xf3\xc1\xb0\x89\xa49\x033\xe9kz\x9e\xf8\xa0\x82\x87~6\x04\xcf\xf7\x0ft2\x1f\x96\x1eE(\x1f@\n\x16<\x9a\xedE\xe5\x15\xa5\xa3l\xea\xd0L\xe2Jn\xd0,\xceL\a\x00?,\x12C/mWdU\x86\xbfT\xf2\xdc\x86\x82\v\xe4\x89\n\x95p\xda-\xfc\xea*\xe7\xbd&3k#d\x1b\x0f\xc5f\xa69T-I\xa3C\xd3P\xe9hUs\xcb\xbc@<\xb5u\xb8\xd4m\x1c\x8d\xd0\a-\x9c\xcc\xbc\xf5a\xf5j\xd3(k\x96\x13\x02\xa8\xff3\xb5}\\\\Z\x9c-V\x91\xc1Pp\x0f\xf1\xb7\xd2\xd1\xe0-\r|:\xf2=W\x84\xd4#\"\xd2\xe2\xd8\xc2E\xa1\x90\x80i\x95\f\x8em\x017/\xa64\xb9\v\xe7\xd3Psp\x18<\x1e\xe9\b\xd6AD\xe2\xaek\xbe\x96\xb2\x89\xf0\xdb@\xab\xc7\xa1\x8a:k\tW\x80\x95?\xf7B\x0f\xa8\xc2\x97\xa2\x02\xfd\xc7\xce\x9ai\x7f\xa9Z\xd4\xc3\xe5\r\xc3BF\xb1\xdf \xc1\xdd\xea.\xfcw%\xc8\x9b\x14k\xbc[\r\x8e\x93?\xe7D;H\x1c\xfc\xc6\xaf/\xe8EW\x9b\xb4S\x9c\xe9\xf9\xcc~o\xa4\xe8\xd0^\xd2\xde\xef\xe0_N\xd1;\x05\xa5\xeb\xb2\xd6\x837\xbd.8$\xe4\xda\f\x93\xc2\xef\x80\xa2f\rD\xf2\xe8m}\x8c\xf1#\xbf\xf9\xbb\xa6.A>\xb4c\xf9\xf8\x00\x06\xcf0\xb6u\xfd\xf8\x05*\xc4*t\xea+\xea\x13\xe13\x8c\xd2\x96&\xab\xa3\b\""
   122.358 AT read UNK   2 "\r\n"
   122.368 AT read OK    6 "\r\nOK\r\n"
0000122368 [system] TRACE: received 557
0000122369 [comm] TRACE: chunk
0000122370 [comm] TRACE: chunk idx=15 crc=1 fast=1 updating=2
0000122372 [comm] INFO: received all chunks
0000122372 [hal] TRACE: module fetched 1, checks=94, result=94
0000122394 [hal] TRACE: OTA module applied - device will restart
0000122395 [system] INFO: Send spark/device/ota_result event
{"r":"ok","u":{"s":131072,"l":"t","vc":94,"vv":94,"u":"019313B15A6801325A606A462046FEF7A9FF01A8FFF70DF9204602B010BD0346","f":"u","n":"1","v":4,"p":10,"d":[{"f":"s","n":"2","v":110,"_":""}]}}
0000122396 [comm.coap] TRACE: sending message id=f08
0000122397 [system] TRACE: send 251
socketSendTo(0,54.175.126.153,5684,,251)
   122.398 AT send      38 "AT+USOST=0,\"54.175.126.153\",5684,251\r\n"
   122.399 AT read  +   17 "\r\n+UUSORF: 0,36\r\n"
Socket 0: handle 0 has 36 bytes pending
   122.450 AT read  >    3 "\r\n@"
   122.500 AT send     251 "\x17\xfe\xfd\x00\x01\x00\x00\x00\x00\x00\r\x00\xee\x00\x01\x00\x00\x00\x00\x00\r\xfe\x1d\xfaz\x88^\xc9\x86\xf6~\xc2X7\xdf\xeeY&,\xfd8V\xe7\x943\x0e\xbf\x95c\xacWZ>\xec\x97\xee\xd9\xbc\xba\xa0}\xec\x1a\xab$=\x12\xe3\x97\xa9xW\xdf\a\xe5\xe1\x02\xd7>IP\xc8\xde*I\xf9\xb9E:/(\x83\x1e\x19\xbcE|~z\xee\x04\xc5S-\xeai\xb2\xa1\xca\xb7\xe5\x80\xd1\xe8\x05\x97\xec\xa1[\xa9B\xd9\x1b,l\x1d\x80\xbb\xb4A\xb5<k\xe1I\xd3\x92\x1a\x89\xdc\xaa\xf5\xce\xa6 \xa5l\xe9X\b\xc5G\xeb( \xc6>\xc6\x8d\xb57\xe2\xadk\x8cn\xc9\x16\xbfn\x90\x80\x12\x81x8\f2)\xd3Im\xce#\xb4\xa1<!Hn4\xc4\x1e\xfe<\x18-\x89\xc5\x0e\x1dQQ\x9f.\xdb\x0e\xcb\xfd\xeb\xc9\xfbN^s\x85\xb1\x15e\xcc\x1c\x8d\x01\x81\xbf\x93\x9f\xaf\x01\f\x87=\x16\x0fm\xd4\xfcL\x1d%N>q\xcb\x05*\xa5\xc1\xf4\xb9\x8b"
   122.548 AT read  +   17 "\r\n+USOST: 0,251\r\n"
   122.558 AT read OK    6 "\r\nOK\r\n"
   123.568 AT send      16 "AT+USORF=0,813\r\n"
   123.608 AT read  +   75 "\r\n+USORF: 0,\"54.175.126.153\",5684,36,\"\x17\xfe\xfd\x00\x01\x00\x00\x00\x00\x00\x1e\x00\x17\x00\x01\x00\x00\x00\x00\x00\x1e \x02\xba\xe1CX\xd2? 3\x16(!~\x7f\""
   123.620 AT read UNK   2 "\r\n"
   123.630 AT read OK    6 "\r\nOK\r\n"
0000123630 [system] TRACE: received 36
0000123630 [comm] TRACE: update done received
0000123630 [comm.coap] TRACE: sending message id=d91a
0000123631 [system] TRACE: send 34
socketSendTo(0,54.175.126.153,5684,,34)
   123.632 AT send      37 "AT+USOST=0,\"54.175.126.153\",5684,34\r\n"
   123.633 AT read  +   17 "\r\n+UUSORF: 0,33\r\n"
Socket 0: handle 0 has 33 bytes pending
   123.683 AT read  >    3 "\r\n@"
   123.733 AT send      34 "\x17\xfe\xfd\x00\x01\x00\x00\x00\x00\x00\x0e\x00\x15\x00\x01\x00\x00\x00\x00\x00\x0e\x93\v7]\xfcm\xb3\x9f\x03F\x1fq\xe2"
   123.774 AT read  +   16 "\r\n+USOST: 0,34\r\n"
   123.784 AT read OK    6 "\r\nOK\r\n"
0000123784 [comm.protocol] INFO: rcv'd message type=6
0000123784 [comm.protocol] ERROR: Event loop error 3
0000123785 [system] WARN: Communication loop error, closing cloud socket
0000123785 [comm.coap] TRACE: sending message id=f09
0000123785 [system] TRACE: send 35
socketSendTo(0,54.175.126.153,5684,,35)
   123.786 AT send      37 "AT+USOST=0,\"54.175.126.153\",5684,35\r\n"
   123.837 AT read  >    3 "\r\n@"
   123.887 AT send      35 "\x17\xfe\xfd\x00\x01\x00\x00\x00\x00\x00\x0f\x00\x16\x00\x01\x00\x00\x00\x00\x00\x0f\xdc\x81\xe8\xbc\x03\x1f\xc5\xfb\x0f//\xcc\xbe]"
   123.928 AT read  +   16 "\r\n+USOST: 0,35\r\n"
Serial connection closed.
