Opening serial monitor for com port: "/dev/tty.usbmodem14611"
Serial monitor opened successfully:
    32.746 AT read  +   17 "\r\n+UUSORD: 0,49\r\n"
Socket 0: handle 0 has 49 bytes pending
    32.756 AT send      16 "AT+USORF=0,813\r\n"
    32.806 AT read  +   88 "\r\n+USORF: 0,\"54.175.126.153\",5684,49,\"\x17\xfe\xfd\x00\x01\x00\x00\x00\x00\x00)\x00$\x00\x01\x00\x00\x00\x00\x00)\xbc\x9d\xf0X\xd8>_\xb3{i':\xc5\x95y\xa3>u$}G\x92\x80\x14\xd9\xb9\xdd\xd3\""
    32.818 AT read UNK   2 "\r\n"
    32.828 AT read OK    6 "\r\nOK\r\n"
0000032828 [system] TRACE: received 49
0000032828 [comm.coap] TRACE: sending message id=8de8
0000032829 [system] TRACE: send 33
socketSendTo(0,54.175.126.153,5684,,33)
    32.829 AT send      37 "AT+USOST=0,\"54.175.126.153\",5684,33\r\n"
    32.880 AT read  >    3 "\r\n@"
    32.930 AT send      33 "\x17\xfe\xfd\x00\x01\x00\x00\x00\x00\x00\x19\x00\x14\x00\x01\x00\x00\x00\x00\x00\x19\xbe\xc3\x0eT;#\x9c\x01\x11Dv\\"
    32.971 AT read  +   16 "\r\n+USOST: 0,33\r\n"
    32.981 AT read OK    6 "\r\nOK\r\n"
0000033003 [comm] TRACE: starting file length 14084 chunks 28 chunk_size 512
0000033004 [comm.coap] TRACE: sending message id=f11 synchronously
0000033004 [comm.coap] TRACE: sending message id=f11
0000033005 [system] TRACE: send 36
socketSendTo(0,54.175.126.153,5684,,36)
    33.005 AT send      37 "AT+USOST=0,\"54.175.126.153\",5684,36\r\n"
    33.056 AT read  >    3 "\r\n@"
    33.106 AT send      36 "\x17\xfe\xfd\x00\x01\x00\x00\x00\x00\x00\x1a\x00\x17\x00\x01\x00\x00\x00\x00\x00\x1a\xf7\xf2QD\xec\xb5-\xfd6`\xad\xe7\xad\xcd\x9a"
    33.147 AT read  +   16 "\r\n+USOST: 0,36\r\n"
    33.157 AT read OK    6 "\r\nOK\r\n"
    34.437 AT read  +   17 "\r\n+UUSORD: 0,33\r\n"
Socket 0: handle 0 has 33 bytes pending
    34.448 AT send      16 "AT+USORF=0,813\r\n"
    34.488 AT read  +   72 "\r\n+USORF: 0,\"54.175.126.153\",5684,33,\"\x17\xfe\xfd\x00\x01\x00\x00\x00\x00\x00*\x00\x14\x00\x01\x00\x00\x00\x00\x00*p\xff=\xc6\x0f]\x92O2\x12\xb78\""
    34.500 AT read UNK   2 "\r\n"
    34.510 AT read OK    6 "\r\nOK\r\n"
0000034510 [system] TRACE: received 33
0000034510 [comm.coap] TRACE: recieved ACK for message id=f11
0000034511 [comm.protocol] INFO: rcv'd message type=5
    34.561 AT read  +   18 "\r\n+UUSORD: 0,557\r\n"
Socket 0: handle 0 has 557 bytes pending
    34.572 AT send      16 "AT+USORF=0,813\r\n"
    34.672 AT read  +  597 "\r\n+USORF: 0,\"54.175.126.153\",5684,557,\"\x17\xfe\xfd\x00\x01\x00\x00\x00\x00\x00+\x02 \x00\x01\x00\x00\x00\x00\x00+\xac\xf7\xdfC\xb5\xde\xda\xf8<\\\x8d\xa8k\x05jQg\x84\xa1\xb8\n\xf6\xd2h\xab\f\xbd\x8c\xc3\xc4\xe5\x9f\x7f)B\x02KR\xc5b{\xd2.\xb1\x0e\r\xb93\x9a\xe5\xb0Y\xfa5\x1b\xb9J\xc3\n\xbf\x05\xf3\x11\xdb\x9b*d\\\v\xca\xf4\x81\xce\xba\x91\xd0[\xd4\x06\x9e\x9b\x91p\xbd\xf8\xe6\xed\xb6\xdc5\xc1/1\xa2\x97q\x8f\xdd\x17n\xcf\xfd\x178\xb4\xa0\xf7?\xe58\x90\xfa\xc2\xa5\xed\xb6\x93\x11\x12\xce\x81\xadT\x9f\xe3\x8f\xdb\xeeD\x05k\x1e\x92 v\xb1\x17\xa7p2\xe9k\x81\xef\xb5TX\xedX\xe9r\xdd/]\xd3f\x029i\x85u\x94\x92I\x93\x10\xc4G\xe5\xe7V\xaeke\x81\x87R\xb7>|\xe1\xc8\x95C\a\xe9u\xd0\xbd\rsq\xc4\xee\xfa\xe1\xe1\xd0:\x1d_V\x93P#W\xf8Wf\x82\xf9u]/\f\x05\x9164\xb7\xe2T}fa\x06A\xc8\xf9V\xce\xc6\x0ec+\xdb\xbc\xf6f\xa9\r\x95\xab\xddb\xdf\x92\x80P7k0\xc5\xeaS\xef\xb2\x18k\xa9\xbf\x8f\xbf\xef\xc4Y\x0ek\v)\xc8\xe8\x12\b\xd0\x8b\x12\xf6\xbb_\xd0<\xe5\x91>\xf6q\x83\x10QId\xe7<v\xf0\x88B\xd1\x1d\xa6\xc4\x11\xe1\xfd\f\x9dRiF\a.P\xb04Hn^l\xfdW\xa4\x89I\"\xe9\x84\x93'#\xa5O\x86Y\xf9\xcd\x10\x8aac\x82\x99\x92\x9eZ\xf6\x86R\x9d\xbe\xea~\x86\xff2\x96\x06X\x82I\xf9,\xc1n\xadOM+\xf0>3h\f\xc5x\xf6\xfc\xc6\x0e\x98b\xc5\xa0\x14\xa7\xbf\xb3N^\xba2\x0f\xfb\xf8XrH\x1b\xfck\x04A\f\xae(\xc0\x89q\x9aU\xb6#\x11\x92\xd3\xd4\x95=\xedTt$\x9a=M\xf94\xb0-y\xd2\x87\xaf\xc8q\xf5\xb1\xc0~\xd9\xb4BCP\xf5\b\xd7\xc2\xcd\xce&\xaa2\x15\xb5\xa6;\xc9a\b\xf3\xfc\x86\xe8H`\xe1\x1f_\x1fcz\x06\x8bH\xaekC\xd9\xc2\xa9\xaaR\xea\x88\xf9\xa6}\x91\xfe\xa3E\xb9\x12\x1b\x8a*\xc9Q\xc7\x01\xa6\xbb\xdf*m\xa8%\xb3\xda\x81\x0f\xfd\xfbd\xdb\n\xf3\xf3\xe51\xee\xe0\x96T\b\xb5\x9d\xda\xd5\x963\xe6\xe0\x88\xa7\""
    34.702 AT read UNK   2 "\r\n"
    34.712 AT read OK    6 "\r\nOK\r\n"
0000034712 [system] TRACE: received 557
0000034713 [comm] TRACE: chunk
0000034714 [comm] TRACE: chunk idx=0 crc=1 fast=1 updating=1
0000034716 [comm.protocol] INFO: rcv'd message type=7
    34.716 AT read  +   18 "\r\n+UUSORD: 0,557\r\n"
Socket 0: handle 0 has 557 bytes pending
    34.727 AT send      16 "AT+USORF=0,813\r\n"
    34.827 AT read  +  597 "\r\n+USORF: 0,\"54.175.126.153\",5684,557,\"\x17\xfe\xfd\x00\x01\x00\x00\x00\x00\x00,\x02 \x00\x01\x00\x00\x00\x00\x00,\xfft\x0eIL>\a\x9b\xaf\x96k\x8e\xd3M\x8e\xf9Y\\)\xf1\xb3\xca\xfdb\x1b\x7f\x83\x14\xab\xe8\x7f#T\x8b\xc5\xc8 \x13wT\xd2\x04\x99~\xaa\xf8\xd31\xbfwB\xc2~S\xda\xc5\x93b\x92\xad\x10\xed\x06\xaau$\x0520\x87\xc9\xbc\x99x\x11\xd6\xdc,-=\x8d\x83r7\xd1\bfu5\xf9\xeaA\xae\xc4\b8~t\x1fj5\x01hrp\x88X\x81l\xc7\x18n\xfeJ\xfe\xee;\x83\x02A\xdf\xd2\xf8c\x1e\xa0\x80\xd0}\xa1\xc6\xa8d\t\xaa\xc8\x8a\xed%\xd2\xe1\xecr\v\x82\xdf\x97>?\xe5\xd0\xfc\x1b<\xe8\x97\x01\xcbq*\xec\xeap\x81@\x17\x0fg\xc6\xc8\xb8O\xc2U\xc8U)g\xca\xf6\x1c\xdb#\x0f=i\x13t\xc8\xb4\xf4\x93b\a\xf3\x1e\xbb$\xdc\xcc\x9a\xa0\bl:\xc4\x8bQ\x88\xfe\xe3\xc7\xd4\x04>\x11\xdb\x04\x8b\xef\xc1\xf4\xef\x9ec>\x94K7\xea\x108\xbe\x89\xb6\xff\x97\xa69y\xd5\xf2\xbdQ<\\\x00\x1c\xf9\xe7\x14\x93\xefY\xf1\x12\x05fW\x16\xb3\x99\x1aD\xf7\xd4\xd8\x92\xef\xbb\x1c\x06X\xe6x\xeeF \x82\xc2\xaa\xa1\xc5,!\xa1ox\xaf\xfaB\xa6\xe6B \x0e\xe6\x8f\xe6\t\x03N\xd2\xf5\x10\x9e\xa9i%7\xc4\xc5\x1c,C\xce`\x993\x98\xa7\xf9\xf3\xce\x1adRh\xf8\x80\x8b\xb2J\xea\xc4\xf5090\x12\xd5\x1f\x81\xb6\xb0\xf7\x9a\xdcy\x9e\x87\xf7\xc3\x83\a\x83$\b95\x93O\xbc1\xc3m\x98<y.Z@\xb8[y\xe7H\x8a\xa0F\xf9.\xe3\x16g\xffH\xb4t\xa7\x9d\xe1\t8]\xc1\xfe3\x01\x11\xfb\xb0\x9bC\xed,\x1b\x90  \x1f\xb9G*\xf7_\xc2\x8a\xc6\xd7\xffW\xd2#\xeem\n8\xf1e\xe7\xc3E\n\x19\xc9\xab\x8a\x1b\xc9\x04t\x88X\x89H\xd2\x1b\nM\a\xc6>\xe0\x03\x88-4\xc0z\xf1\xf3\x14\xab\xe10\x01\x96\xd4\r\x1b\xf8\xae\\\xbeJi\xe7H\tV\\\xda3\xb7\xcb\x8e.'\xd5\xd2\xdf~\xe2\x16\x03\xe8\x9f\x83\x8b\x8aj\xb0XZg_\xdb\xf2gq9\xf5\xad\x16r\x87\x84\x04\xbd'\x1e,\xa3\xcb\xcaM\xaf\x9c\xf3\njbXn\xe5\""
    34.857 AT read UNK   2 "\r\n"
    34.867 AT read OK    6 "\r\nOK\r\n"
0000034867 [system] TRACE: received 557
0000034868 [comm] TRACE: chunk
0000034869 [comm] TRACE: chunk idx=1 crc=1 fast=1 updating=1
0000034871 [comm.protocol] INFO: rcv'd message type=7
    34.871 AT read  +   18 "\r\n+UUSORD: 0,557\r\n"
Socket 0: handle 0 has 557 bytes pending
    34.882 AT send      16 "AT+USORF=0,813\r\n"
    34.982 AT read  +  597 "\r\n+USORF: 0,\"54.175.126.153\",5684,557,\"\x17\xfe\xfd\x00\x01\x00\x00\x00\x00\x00-\x02 \x00\x01\x00\x00\x00\x00\x00-\xa9cMH\x12\x82\x86T\xfb\n\x1eBzI\xf3)\x90\xaf,$\xdf\xf9\xab\xe2@b\xa9\x96\x9f&O\x1bI5r\xa0d_\xcf\x18?6\xbb\x19\xeb\xe2B\xec\xba\xe2\xcf\x1c \x0e\xc36\xdb\x10\xa2RiX\xcb\xb5\xb3?\xac*z\x9at1\xe8\xb5\xb4\xb7%=\xc4\xdeE\x00\xdd\xb4c\x16\a@\xf0p\x870\xe1\xe4)\f\xbe\xe38<\x9d\x11\x85\xdea\x9e\xfe\x95[\xc7\x9232\x12\x9c\xbb%\xaf\xce\xed\xbfI\xe0\xa5q^\xfd\xd1\xfeG\x1d\x12u\xdb\x1c\xe8\x1f\xbf\x18\xa6Q\xf0\xab\xa5\x17\x86l\xb7R\xbfN4\xb9:\xab\xeb\x9c\xbdk\xd5\xa9\xce\xb4'\xfd\xe4\xd1\xd8\x82\xcdG\"s*\x84\xa9\xb6\xb0\v\x86\xba\xf4\x06|\x16\x90D\x05c\x89\xbd\xf0\x04a\x14\xc0\xceC`\xb8\xffu0]\xe9%\f\xb0a3\xa8\xb5\x13\xa86\xc3,P\x8dS\xf8\x94xp\x04p_\xb25\xf2\x11\xf8\xfe\x90\xd0\xa1\xf1\xe3\x1fV\xec\\\x83~\xad\xf77$\xfa]\xc6\x1fS\x8eU\x95/\xbc[\xc5\xdaF\x1a\x9c4L7\b\xed!\x8d\xcf\xf9q\xa4=y\xa2\x9d\x1dgkV\xb9\xf5x&,K\xbc-\x01p\xd1\xbbV\xb2\xc1\x9a\xa8\xc08t\xe8\xf9\xda\xee;J\xa7\t\x16\xb6GG\xdd\x8e+|Qj\xa9c`\xe3\x8a\x02\xc6\xb5\x89\xc9\xac\xf0\xcf\xe9J\x02\xf5\xebM\xdaV\xcc,O6\xcd\xe5d\x0e\nL\xde\xfc\xb4Fq;\b|\xe2\xf4\xb5Q\xbc,\xddD)\x04\n\x8b\xf8\xc9\r\xf3\r&n<\xf21\xc5\x91\x98~\xfb\xe5\x14z\xd9\x05\xeb\x82\x19\xbb++\x01\a\x10i#\x85\xa2\xc1i#\xce\x86=T\xf6\xf2\xe4L\xb5p\xdbL\x02Gn8~|\x12\x16\x9a&\x8e\x11\xaa2\x8cby\xed0\x99\xc1Q\xbcL\xa4eR\xd6\xa8(Rw\xf1\xe2\xfd\xc6\x8c\xee\xf7L`+1p\x860\x16\xe9fiJ\x92\xcd=4y\x1ee\xa5-\x9c\xaf\x16\xdf\x0f\xc8\xd4\x8e_r\x94\xc8\x8b\x1azU\xad\xf6\x1ex\x9a\x8e\xb3\xea\x87\r~\x02r\x16\x80\xc7\xa2\xf4|\xaf\xf7\xc9\xba\x03\x9e\xe6>\xe9\xba)um\xc3\xcb\n$\xb2~&\x93\""
    35.012 AT read UNK   2 "\r\n"
    35.022 AT read OK    6 "\r\nOK\r\n"
0000035022 [system] TRACE: received 557
0000035023 [comm] TRACE: chunk
0000035024 [comm] TRACE: chunk idx=2 crc=1 fast=1 updating=1
0000035026 [comm.protocol] INFO: rcv'd message type=7
    35.026 AT read  +   18 "\r\n+UUSORD: 0,557\r\n"
Socket 0: handle 0 has 557 bytes pending
    35.037 AT send      16 "AT+USORF=0,813\r\n"
    35.137 AT read  +  597 "\r\n+USORF: 0,\"54.175.126.153\",5684,557,\"\x17\xfe\xfd\x00\x01\x00\x00\x00\x00\x00.\x02 \x00\x01\x00\x00\x00\x00\x00.^\xc1\x16\xbd~m\x03\xe7\x8a9\x1e\x0f[?P6\xeb\xd4\xc8;2\xa9cyrv\xd6<\x9f\xc2\xdd\xf81\xe4\xae;s\x86\xd4\x0fE\x18\x94^\xa97\x92\x1f\x95\x06f\r\xa0\xae\xc6\x81\xaf\x7f\xddU\xfa\xa3\xc5\xd5\x15\xbb*\xed\xe9\f$\x1b\xc8+\x99\t\x83;\xe7*y\xff\xc9\xce\xce\xbc|\xd9n\x90?\x91\xd0i\r#\xa5bY2\x03\xa22\xad\xa0\xfc\xb6F\x83@XO\x97`\x7fa\x1d\x1eFQ\x9a\xb094z\xd9\xb9\x85\x17\x84\x05\x01\x014\xcf\x88)\xc8\x9aw\xcc\xce\xdf\xba\xdcE\xff3\x93\xc6\x8bv#||\t\x00{\xee\xaf\xc9\xd8)\xf8i\xdfs#\xbd\x86\xc1\x0fl\xed_\xa7\xd3\xf9\xd4\xda'J_\xa8\xa5\xcb\xc9L\xe7/%0E?\xaa\xe6{|}\x96\xf9h\xb5\xbe<\xd3=\xe8\xc0\x16\xa7i\xe4\xb5z\xea\xb1\x8a\xb8\xab\x1c\xf1\xa8~\x1d\f:;\xda\x95C\xd4\xb8\xecz\xa3\xc9B6h!-\xe0pZ\x15J\x01\xef\xd4\xc0N-\x01\xa2\x1e\xbf\xa0\xbf\x1b\x91Q\xf9\xdf\x11g\xb6\xc2d\x1b\xd9\x02gnw\x0f\x99\xbe}~\x83E\xb6\xa3R\xc4\x18&m8\x01\xc2\x058\xcc\x86\x9f\xddG\xc6\xa6\x87\x92\x16bG3\x8b3\xed\xb0\xa3Am%<\xc2\"\f\x06r!\xbcx\xf0\xa3\xdad\"m\x7f\xe11\xdbO\xdb*\x91\x91\x8a\x1c\xb3\xcb\x9d,\xb9\xe6\xbfc\x01\xbd\x05T\xc4\xb1\xee\xdf\n\xa9\xb9\"\xf1\xa7u\x90\xeeA\x06\xab\xc0\xd6`\xae\xd8\x0e\xee\xa2\xdfQx;\x86\x9c\xbcA\xa9\x92w\xf4\x8d\x87Y\"\xdb\xbe\x94\x92^\x98\x1e\b\xbf\xa4\x9e-\xbd8g\x13*l8^\x80\x90>\xf0\x91\x9a\xc8A\xd1\x8b\xab\x03\x14\xb5\x8b\x16\xbdL&\xfc`5\x8b\xd9\xd9\xe3\xd4\xc2\tY\x0f\xcf\x98ITB\xa3\xf7-'\xdb\xf4\x83\xf9J\xa5`\xad\xee\x1f\tu\x97m\xb2\xf5N\xcf\xa1P\xc2n\xd79\x82\xd7{\x18\xcb]8\f^\x879\xc4\x14\xd0\xf8\x96\xb3\\j\x0e\xa7@\xf9\xcfO@\xea)\xff\xa0\x82rP\xef\x9f\xac\xfeh\xbdY~\xca\x88\xb9\xee\xd4\xfbq\xe9\xca\x9bm\x14E\x89H\x86m\xad\""
    35.167 AT read UNK   2 "\r\n"
    35.177 AT read OK    6 "\r\nOK\r\n"
0000035177 [system] TRACE: received 557
0000035178 [comm] TRACE: chunk
0000035179 [comm] TRACE: chunk idx=3 crc=1 fast=1 updating=1
0000035181 [comm.protocol] INFO: rcv'd message type=7
    35.201 AT read  +   18 "\r\n+UUSORD: 0,557\r\n"
Socket 0: handle 0 has 557 bytes pending
    35.212 AT send      16 "AT+USORF=0,813\r\n"
    35.312 AT read  +  597 "\r\n+USORF: 0,\"54.175.126.153\",5684,557,\"\x17\xfe\xfd\x00\x01\x00\x00\x00\x00\x00/\x02 \x00\x01\x00\x00\x00\x00\x00/\x86\t\xa9\xde\x7f\xbfC\x8e\xa7i\x16J\xf4\xcc8,\x05.\x02\"\xfe2\x9e\xed\xb9\xbb\f\x14q\xfcn\xea\x96\xee\x8eP\n\x99\xe8\x85@\xac&t\xce\xbc\xb5\x1b\x85|\v;\xdf\x9ek\x06\x12\xdb\x15\xac\xa4>\xf8\xa7\x15H(\xdd\akc\xc0\xcfq\xd0N5w\x05%Y\xedQ\x94\xed\xed`\xb0f\xf6Q7\xacC\x9e\xc3\xb5DGn8\x12\a\xd3\x9d!\x9b\xbd>\xd1f\xc1R\x9f\xe8B\xba\xed\x80\xdd\nsZ\xf2\xcd'\x81Td\xca\xe9\xd5\xd8\x85Ac\\\xa7\xa5\xbf\xf2\xf6h\xdc\x85Eo\xa1&\xb7\xb9\xeb&\xac\xac\xb2Y3\xa3l=\xda\x95fyT\x12\xca*\xf7\xe8\n&\xd2\xb4W8\x1a\xf4,~\xabN\xe0\xa4\xf9n>:5\x99b\xfdKH_\x86Qt\r:\x15\x10\xa0\xda\xbf\xf7\xdcep,JBQn\x05N\xf7v@\x81(\xd3\"\xe7:ZV\x9b5u\x04\xe1\xf6\x86\x14\x7f\x88c\xff\xc3J\xca\xcd|\f\x13@\t\xea6#u\x1d\xb3u\x90z\x80\xee\x8c\x90\xe4\xf7\xe92\xfd&(\x1e*t\xcc\xc0-\xe8\xcc\xab\x82}\f\xa3\xe8p\xd1\x9a\xd7\xd1O\xb0gR.\xfa;\x10\x06=\x84y\x13M7~\xf2\x9c\xf8\x8a*\x9e\xeaN5\x96 6\xcb\xbe\xad\xd9|Fa%\xbc\x9e\xf2Rv\b\xe5\x01\x0e0\x98{\xcd\x9aL\xa5\xff^\x0e\x97\x11\x86\v\xe8\x97,\x97\xf3\xa5\x02M\xd4G\x91\xae\x9d\x00\xa3\xe6)P4\x1dE6\xc2\xae-\xd4\v\x80I\x0e\xfct~\xf0/O\xfdj\x8ej2F\xd7h\x1b\x81\x89\n-\x9e\x12\xecy\x1d{\xe3\xbct\xd1_|\x1f\xe4N\x9a\xadW:\")\x1b\xf6\x06\xb40^\xba\xc4\x88\xb8L\xe0\xe5\xd4\x10P\xa3\xde\x97u\xec\x03*\"\x13\xf8w\x92\xfe!k\xb3i$l\xd7\xa2\x13I\xe7)\x99U\xc7\xcdq<{\xdd\x9bbp9a\xe5\xcf\xee\xdf\x8b}\x82f\xde\x85\xd6\xff\xf9h\xab\xd0\x02R\x13U%p\xc0\xa8\xd5av\\F\xcd\xf0\xf8\x88[E\x91Po\xba\x12x\x92d\xd8J\x955f\xd9\xe6G\t\xbb\x99\xb6\x8e\xf4\x9a&\xa2\v1\x16\x05\x83\""
    35.342 AT read UNK   2 "\r\n"
    35.352 AT read OK    6 "\r\nOK\r\n"
0000035352 [system] TRACE: received 557
0000035353 [comm] TRACE: chunk
0000035354 [comm] TRACE: chunk idx=4 crc=1 fast=1 updating=1
0000035356 [comm.protocol] INFO: rcv'd message type=7
    35.356 AT read  +   18 "\r\n+UUSORD: 0,557\r\n"
Socket 0: handle 0 has 557 bytes pending
    35.367 AT send      16 "AT+USORF=0,813\r\n"
    35.467 AT read  +  597 "\r\n+USORF: 0,\"54.175.126.153\",5684,557,\"\x17\xfe\xfd\x00\x01\x00\x00\x00\x00\x000\x02 \x00\x01\x00\x00\x00\x00\x000!h\x11\xb4=k_\x80#}!\xfc\x8cW\x89\x97\x8d\x11\xa7^J\xa2\xc0\x18S\x0e\x1f\x83\xea\x80\xda\vH\x85lN+-\xe9\xa1\x8c\x83R\x9e\xd5\xcc\xddF\xb3d\x87C\xca\xd6\xfd&?\bL\xec\xbb\x7f(\x8dv\xce\x8f\x93\x14h\xd3\x99WZ\xc1\xaa\x06B\x8e\xacg\x1c,?\x15M\x1a\xf7\xaa\x7f\xb4\x11\x1dg\xe1\x86\xca\xae\xc0\x91\xb9b-Z\x97\xdc\xd7\xe38\x0eV\xdb\x82\xc6\x1b\x1b\x1cC\r\x9a\xa8KA\x9d\xfc\xa6\x92\xe6O\x9eE\xfd&\xe1i?\xe6e\xf4\x04\xcck\xa4\x98k\xdf\xab\t\xbc\x17\xf6L\x17a\x9d\x94\xc3-\xceB\xa8Bk!\x01\xb5\xc7\xca&IS\xb4&w\xc7\xa0;)Sq\xf8\x85\xfb\xee2+$\xc1\xa1\xd5D\f]\xdc\x1f\x12:\x9fZ\xf5M\xf3\xf6\xa5I\xa2\xa2\x8f2Y\xea\xe4\x81\x1cH\xf4\xadinA\xd4{S\x18\xf5\xee\xad\xa7zX^\xcc\xbe\xe7\xac-a\xfe\x1d\xb3\xa9\a\xf2\x13\x94\xd7\x81\xcazA<\xcb\x82\x02@~\xb4\x06w\x8a\xc1\xbd4\xf8\x9b\xaa\xdaUxB\xe4M\x84\xe5CC\xaf\xc9\xf0\xdf\xb1\r\x91i5\x8d--\xa3\x19\x16\xe6:\xf1+\x04Z\x9b\xd2W\xb1\xab\n\x16\x83\xd2\xcd*`X\xc9\xf1\x80\xd6vW\xf3\xb8\xfa\x01\xa1\x00c\xcfn1ov\xf0\xa9|mA7\x11\xf0,,kXu9R\xba@\x17\xa2\x93 \xbb\x80\"@rNi\xce\x01\xfa\xd4\xdf\x12\xa5\x03\xeb\xa3\xaf\x99M3\xedbS\x7fG\xba\x93[>\x17\xe6\xe5\xff\x8cl\xb2\x90\xa9\xc8\x94\x87\xdd\x1b\xdd<\x1a\x92\xb0K\xf2>\xfc#\xf78<\xb5\x06\x9f\xe2\x93f\r|M_m\xa8:|\x16\xad\xf2\xf9\x82\xe4f t\x99\xec)\f\f\xcc>^\t\x00\x7fo{\x18e\xdd\x17;\x15\xc1\xad\xcc!\xf1\xca\x8a\xbb\xce\xce\xa3~\x8b\x1bq\xbdi\x92\x8d,\xb9\xe3\xaa\x0e\xd4\xc4Z\xd1\xa3\xdfS\xfdb\xcb\xcc\x83\xb6e}c\xa5\x04\x88\x17\x96\xbcy\r\xaa*\x7f\xd9/\x0fb\x86\x12)\x16\x00\x90\xf6m-}\x0f\x7f\xf7\xad\xa0\x16\xaf0\x03\x86Z\x96\xe1\x16-)\xe7\x87\x8f\xbc\xf4\xc3\xda\""
    35.498 AT read UNK   2 "\r\n"
    35.508 AT read OK    6 "\r\nOK\r\n"
0000035508 [system] TRACE: received 557
0000035509 [comm] TRACE: chunk
0000035510 [comm] TRACE: chunk idx=5 crc=1 fast=1 updating=1
0000035512 [comm.protocol] INFO: rcv'd message type=7
    35.512 AT read  +   18 "\r\n+UUSORD: 0,557\r\n"
Socket 0: handle 0 has 557 bytes pending
    35.523 AT send      16 "AT+USORF=0,813\r\n"
    35.623 AT read  +  597 "\r\n+USORF: 0,\"54.175.126.153\",5684,557,\"\x17\xfe\xfd\x00\x01\x00\x00\x00\x00\x001\x02 \x00\x01\x00\x00\x00\x00\x001gU\xc1\x04\xf7\x94\xee\xb6\xbcF\x1b\xab\xe6Py\xb7\xec$=\xc5\x00`\xf6\xe9v\xe1\x00\xc2_\xa4\xf6\xe3I\x0eCwRN[Z\x1dpD\xd0+n\xa5\xb5\xa5\xcd\xb2g\xec\x82D\xc4\xd9Z\xc58\xact\x1bV\b;N\xa6b\x7f@\xbc7\x9d\x89\x9d\x8d\xf3\xe0\x903\x05\x98\x16+\xfa\x93\xa8I\xe6\xa3\x93\xb7\x96m8\x06\xd3\x94\x86\xb5B$\xd0\x1fJK\xc4\x87\xff\x8f\x85m\x1b\x1b\xb9\x10lmFq-\xa3\x961\xa7\xe2\xbf\xe8\xb7{\x0f\x93\xf1\xcc\x83\x8f\x8e\xcey\xab\xaak\xf5>\xc6\xcb\xc8\xd0pW:\xb5hb]u0\xf7\v\x02\xe8\xb0C\xf1\xceT\xec j;\xcf\xe9\xcf\x89h\x90\x1e\x95\v8\x1b\x90\x1d\xb5\xd3\xa3Q\xad:\xb0\xe7\xa3\xe9\xcc\x15\x81\xa0\xfb\xf6I\xc4q\xf3\x0f\x10\xfd^\xf3@\xe4E\xa7\xa8\b\xbd'\xdc~r\xde\xc1L\xcfu\xe7\xbeh-\a\xb9JL\x04\x804\xb0?\xf5\xb3\xe7\xff\xe2\xb0J[h.\xe4\xb0\x8f^Q1\xacn|\x04~\xc7\xb9$R\x94\vp\x8cQ?\x19\x19[A\xfd\xf6=\xdc\xebdM\xf8)\xc2\xaa\xdf\x86\xdfA\x10\x93\x7f\xa9K\xe7\xc1=\xbcj|\x10Jw\xd6\xfb1*\\\x15\x93\xd2D0v\x18\x9f\xaa\xdf>\x13K\xf4\x80}\x88\x0ehI\x976o$\x166.\xbc\xd5\xd78Rw\x90\r\x14\x89\x8c\xf2x\x85\xd3\xe3R\xe1\xfbW\x06\x9b\xb0Pt\\\x84\xe8e\xcd\x83\xe15\xe9-r\xa8\xb0oY\xa3O}\xed\\3[]\xd3\xca\xad\xea\xb4x\xacTl\x1c\x8a\x8c\xda\xd1\x98nS=-\xeaX\xd6\xa3\xaf\x9b\xa8\x1e<\x90%P\xa2\xcag\x0ff\xea\xbf\xc5\x89\xd4\x94\x9f\xf8]\x12z\xf3~\xeb,Q\x87\xd31\xfc\x86\x85\x06s3\x12l\xe5N3\xcfC_\xfaNn\x1f\xa4`\xa5G\x13\xd2\x9b\xc4\xf2\xcbxb5\xe9Q\x8e\x89\xba\xa4\v\xf8\xdbAX>\xbe\xd8\x81w\x83\x92\xd5]L8\x85\xdd\xd1\xcd\xbc,\xe6\xc3\x0f\x83\xba\xf4\x1e\x84l\xf4\xd6l]\xd0`\xdb\x02AX\xc7\xea<)\xbc\a5j\xb3\xaey)\x83\xf6\xedw\xda\x1f\xf6\xbc\xca\""
    35.653 AT read UNK   2 "\r\n"
    35.663 AT read OK    6 "\r\nOK\r\n"
0000035663 [system] TRACE: received 557
0000035664 [comm] TRACE: chunk
0000035665 [comm] TRACE: chunk idx=6 crc=1 fast=1 updating=1
0000035667 [comm.protocol] INFO: rcv'd message type=7
    35.667 AT read  +   18 "\r\n+UUSORF: 0,557\r\n"
Socket 0: handle 0 has 557 bytes pending
    35.678 AT send      16 "AT+USORF=0,813\r\n"
    35.778 AT read  +  597 "\r\n+USORF: 0,\"54.175.126.153\",5684,557,\"\x17\xfe\xfd\x00\x01\x00\x00\x00\x00\x002\x02 \x00\x01\x00\x00\x00\x00\x002\x806\x1aL\x17\x92\xbc\xc4\x89QE2XZ\xfe\x87\xe5\x88\r\xfd#/)\x01\x84O:\x93\x0072\xc6\f\x9e\x81\xc9\xe5@\x15\xea\xbd\xd3\xa7,\x89d\x8a\xb1\x1e{P\t\x04tY\xf1\x16\vv}\xc4\x04@\x02/\xe4\xbeHy\xdd#\x84\x85.\xf9N\x06\x8b\xca\xb5\x19\xb6\x1d-\xedM\x83\xd5z\x89\xb8\xb5\x94\nD\xc9\x04\xb4\x11\x8fFv\xf4\x91#\xc2\xbcg\xf2\xfb\a\xd91\xc8\xcc\x0e\x7fZ\xa2\xe1\x1bp\xd1\xa2\b\x89]\xa5\xb1\xf0>Bz\x14\xa6\xc0\xbe\xd0\xc2?05\x979\xd3\r\xb3$\x95\x81\x9cT\x10\xb2 <\xb1\a_z;\x81\xc7\x88\xa5\x03\xdf\xa3x\xe2\x1e\x82Q\xcd\x9b\xdb\x93\xae\xd0!\v\xec\xbfgI@ [{\xb2\xb06\xdde\xb5t9\xc2\x8f.(\xc9\xad\xe7d\xd2\x9c\x951u\x14\xfc\xa5\xf9\x9f\xb2\x0f\xd2\xc9\xd8\\\xa6\xdd\x9c\xc2n\x1b\x9dr\x91\x9a\xa2U9\x17\x13\xb3\xc0\xcc\xc5\xc1\xfb\a\xaft\xcf\xb4\xf6\xfcpso\x19\xea\x83\x17-\x8c\x88\x8c\x05\x1e\xbf%\xf0\xc5\xd1\x96~@E\xba\xab\xf9\xa7\x93\xcdM\r\x80f\x19I[\x8e\xea\xa0\x04\xe7u\xb8\x01'\xb0kE\xd8\"X\xa8=|\x90\xff]Q\x8c\t'\xae\"E$\x96\xb3\x1c$\xa4\xeb\xa4\xd9\xa2\x18x\xf6v\xa9\xe5\xcdm7\x16UD\xc1\x7fX\x18\x9f\xc7\vd\xffD\x13p&{\x87\x1b\xb3\xbc\xaa\x0e\xe6\n\xee2\xc3]\xda\xda\x82\xab\x91;\x01\xd3T\x1bq\xd5\xb4\bb\xf7\x8f\xc8Au\xe7\xb5\x85\xc9[\x04\xfd\x83rW\xc7,K\xcf\xf2\xf1\x06C\xde\x80\x8f\x8bu\xf5\xcc\xf5\xc8\xd8\xca6TY.:Z\xa0V\xfcn\xa1\xc5)\x9cP\xc6\x16J\x1e\xf3H\xbehU\xa7\xf6%A\x1dJ\xa6\x18a\xe8w\xcb{\xe9GG\xed\xce\xf5.G\x8e-(\xde\x8d\xbaU\xb5\xcbKS\x0e\xcd\xf7\xca\x1b\xe2\xae\x84Y\x02~\x9c%\xe6\x9d[\x03^'8\x1b\x0e\xb7|\xcf\xbc\xce\xcd\xde\xc0\\\x1d,Y\xb2\xfe3g\xaf\xcd)\n}\xf6\x1ai\xaa\x87\xbfGN\x94.\x00\x92\x0f\xf7\x89m2\xba\x0f!\xa0\xb0\x85\xc9\xa8Gl\xa9\""
    35.808 AT read UNK   2 "\r\n"
    35.818 AT read OK    6 "\r\nOK\r\n"
0000035818 [system] TRACE: received 557
0000035819 [comm] TRACE: chunk
0000035820 [comm] TRACE: chunk idx=7 crc=1 fast=1 updating=1
0000035822 [comm.protocol] INFO: rcv'd message type=7
    35.822 AT read  +   19 "\r\n+UUSORF: 0,1114\r\n"
Socket 0: handle 0 has 1114 bytes pending
    35.833 AT send      16 "AT+USORF=0,813\r\n"
    35.933 AT read  +  597 "\r\n+USORF: 0,\"54.175.126.153\",5684,557,\"\x17\xfe\xfd\x00\x01\x00\x00\x00\x00\x003\x02 \x00\x01\x00\x00\x00\x00\x003\x91\xef8\x1a>\x83\x88\xe8\x91\x8a\xd4\x82\xa3M{\xbf\t\v\xfff\x80\xdc\xfa\xde\x9e\"\x05\xa2\x03\x96\x7f!\xff\xa3\xd4\xed>\xdeJw'\x0e(4l\xd8\xe2\f\xe1\xbb\x1f\xad\xee1\x15\xfa\x97\xc9\xf46\xb3\x18\x1f<\xfd\xce\x01*#\xc9P\x02A'\x02\x9c?\x05rc\x8b\xa5E\xeb\x9d\x15\xb8\x00;\xb9\xef\xb2\xb7\x11`w\am*\xaa\x92N\xbdF\x83\x13\x87\x94\x97\xf6\x97\xf2\xcc\xe9\xe7\xf8\xf6\x95\x9dK\xdd\x01\xe1\xadD\xd4u\xcc.\xef\x83\x01=\xc9\xef\xa9\xd7K\xdf\x93E<\x9dm\x84(\xd8\x80gXI\xb6\x8e\xaa\xb0\xdcY\xdf\v\x9ca\x83\xde\x8b\x92\xf67\x95\xadq\xa0\x9ezA\xe1\x03d\xd5Y\x84A~\xbaS\xb1\xe3.W\xd8\x96\xa7\x18\xaf\x03\x11K\x9f\x81\t\x88\x95\x1c\x91\xe3'\xbf\xc6\x8f\xff\x9d\x94\xe06\xc5\xb8\xa8\x97\xf3-R{\xcf\xe7\x1a2p\x13r[$\n?\xa6\xc6\x1e\x96\xbe;\x8a^\xaa\x96z\x9a\xea\xda\nd\xca\xb8\xc1\x9b\xc4AP\x1eZ\x8b\x02\x92\x88\xe8\xcdh 0\xdeY-<\xbe\x14D@V\xd1\x9d\xfd\xe0t\xad\xae\x9a\xba|\xf7\x9c\r\x1f\xbf\x1e\xd2\xa2\xc2\x88\xe9\xf3u7\x8d\\\xb5P\x8d\xef%\xb4y\xa1\xd6s\xbbL-\x14\x16\x98c\xcc}h\xa9`\xb2:V\x1fb\xd0\xfe\xf2\x8a\xb9T\x82\x00\xcaz[~\xcf\xdal\xbe\x98\x8c\x7f\xecP\xe0:\xad@\xf6'\xaa\xa7#\xe6\x03B\xce8\x8ftz{\xe5_\x81\xa0\n\xaf\x8c\x86\xbf\xd1O3\xb4\xb3\xc7\xe5Ij\x1c0\x1e\xd4n\x92O\xfd\x16\xb4:\xd5\x8d\x0fs\xc63G\x0f\xa3\xfc\xean\xc3\xafA6\x18py;\x11\r\xfe\xbb\xc0.i<\r\b?&\xaf\xf4\x81\xa6\xbe\xed\xf4\xc1\x92^\x03\x83@\xbf\xc3\xa9[\x10\xfb.\xe8\xc8\x9c\x8f\x8d\xd7\xa555\x94\rV'\xd9\x9c\xd6\vTks\xe0\xc7\xa7\x84\x9a\xca\x9cy0\xd2\xaed\xd8\x83\xe9H\xd6Q6|\xea\xdd\x8f\x7f4%\x15I\xc8,\x8d'rnd\xb7u\x0fn\xde\x1a\xb2\xedG\x82#\x9b\xc8\xac{9\xb3\xedV\x11\xbf\x11i\xd4\xacB\xbcI\x9761\xc0\xf3\""
    35.963 AT read UNK   2 "\r\n"
    35.973 AT read OK    6 "\r\nOK\r\n"
0000035973 [system] TRACE: received 557
0000035974 [comm] TRACE: chunk
0000035975 [comm] TRACE: chunk idx=8 crc=1 fast=1 updating=1
0000035977 [comm.protocol] INFO: rcv'd message type=7
    35.977 AT read  +   19 "\r\n+UUSORF: 0,1114\r\n"
Socket 0: handle 0 has 1114 bytes pending
    35.988 AT send      16 "AT+USORF=0,813\r\n"
    36.088 AT read  +  597 "\r\n+USORF: 0,\"54.175.126.153\",5684,557,\"\x17\xfe\xfd\x00\x01\x00\x00\x00\x00\x004\x02 \x00\x01\x00\x00\x00\x00\x004\xfa\xe1\x968\x0e\x85\x03\xb8i6}\xd6;\xb8;=\xb4\x8dF\x1b\xc7\xfc\xac\xc8\x86\xb2\b\x9b\xd6\xed\xb7f\xc7\xe7\xc5\xd1\xe2\xd7\x1e\xe0`/\xd4\xe1u\x87\x16\x13\r\xb9\xde\xcdk\nO\x97\x1ap5S\x160W|\xfaa'\xbf}\x95\x11\a[F\xf5\x93j\xc6\xa1WV\xeax;?L\xb8<\xac~\x01\x13\x841\xff\xf6\xec3\x97\xa0gF\x18\xc4\x10\x88D\x7f\xf6\xd7\x15h=\xfa\x91kj\xd6\xbc\xe9\xbe2\xf2A\xe7@\x7f\x9f\x94\x97D\x8b3\xddZ\\\xa1A\xd6!\xa5\xfd\x18\xd4\xd9\xa7fC/\xda\xe5f\x8c={{V\xb9\xc2\xf5PK\x83T+!\f\xab\xb1r\xbc\xac\r\xac\xdcS;Q.\xca\xfb&~]~\x84Za\x13\xb1\xcfo4.\xd9\x8c0pe\xbe\n\xc8;\xff\x18\xa7\xea\xae\xf3\xea\xc8\xf7\xd4t\x80P\v\xae\xb4\xcf)r\x91\xdcT\x18\xaa1\x18l\x18\xd0\xb1\x9e!\x18Q\x83\t6\x1e\xa5\xdf\x96u\xf1\xf1\xd5\b1\xce\x9a8\xb3\xaf\xbb\xd1\x18eJU\x00\x0fw\xc9u?\x89\xd8\x86\x99\xabnX\xea\x04P\x91\x0e\x84\xa8\xb2a\xb0\xaaX\xcfu\x06\x85\x11VY\f\xb2\x19~Ms\xe4\f\x16S\xb1\x1f\x14\x0eW\x88,%\xbb\xd54\xa6F<#\x8fU\xcaW\xb1\v\xf1\x93\xbeuZQ\xf1]\x87\xac\xd1@\x84\xdc, \x8c@\x7f\xcfP\x0f\xbb\x03W\xb4\xd0\x1b\xb1\x9a~Lm\xe3\x8a$\x1c\xc2\xf8\x16H[\xdf\xc7\xf72\x12\x97\xa4\x1aT\x85\xcdc\xb4B\xf2\xbb\xf0C]\xc5\b\xfd\f%#\xd6\xa6 \xad}\x90.;\"\xf26\xe9#8RW\x96\xc1)\x86\xe6\xd2\a\xc9\xd4\xdd\xe1\xe1\xd5d\xaa&\b\xf5$\xd5\x0ex\x7f\xe2>\x8e\x05uD(\n`\x03,lW\xc7\x00\xa5]\xeaU3\x05Z4|\t(J\xac\xef\\\x81.\xa6\x93\x86\x1a\xa0\xc9cXO\xe1\xd7\x10$8\xbb\xfdM\xf0\r'[\x97\x92\xa0\xe0\xd2\vd\xfe\xc8j\x1b\xa1\xdc\xb8\x93\xa2\xe0i}\xb8\x02$HX\x01I\t\x15\x17G\bJ\xa3Yfd\xa9\xc8c\x04*\xdb\x9eOJ7\x12\xd2LAC\xaa\xa3\""
    36.118 AT read UNK   2 "\r\n"
    36.128 AT read OK    6 "\r\nOK\r\n"
0000036128 [system] TRACE: received 557
0000036129 [comm] TRACE: chunk
0000036130 [comm] TRACE: chunk idx=9 crc=1 fast=1 updating=1
0000036132 [comm.protocol] INFO: rcv'd message type=7
    36.132 AT read  +   19 "\r\n+UUSORF: 0,1671\r\n"
Socket 0: handle 0 has 1671 bytes pending
    36.143 AT send      16 "AT+USORF=0,813\r\n"
    36.243 AT read  +  597 "\r\n+USORF: 0,\"54.175.126.153\",5684,557,\"\x17\xfe\xfd\x00\x01\x00\x00\x00\x00\x005\x02 \x00\x01\x00\x00\x00\x00\x005S\xae\f7\xda\xbb,\xc2\xbaM\x8c@_\x84\xf7\xfa]\xd2\xf9RN\xeeS\x9b\xac^%D\x01K\t4\xce\x99\xc7\x99\x17|X\x88\x1b\xe3\x01]\xff\xbekjl\rr\xccH\x94\xf1\xe0\xf9\x11rF\x8eJ\xc3\xfb\x04#JJ\xf6\x8b>\xc8)n\xb5\xab\xbd\xc9\x9e\xee@\x8e\xa0r\xd0\xee\xaf\xcd\xac\xed\x83C\xb7\xc3\x82L\x824\x88\xba\xd7s6!\x12,\x06\xe8\x18a\xbc\xda\x93\xeb\x9aSZ\taB\xbacA\xb1k\xfd\x94\xe0\xe8]\x8dG\xd9H\x8e\xc8\f\xb9\xd6s`\xe9/\x9du>W\x92\xe9K\xf7~\xe6\xbepBQ\xc5+\xc8\x85U\x86W\x1c\xdc\xef\x0e\xdc=a\xc1\xcfD\xeb\x02\x1a\x05\r\x98\xaa@\xd5g\xd0H\x99h\xe1\x84\xcfvr\x85\xbf9\x00o[\x91\xbc\x8f\xd1z\r\x11\xb4\xa3\xc8\xd7\xf2\xe3\xafQ\xfe\ao9\xf4h\xa4f\x1c\x13\xb4\xc1\x92\xad\xfe\xd5\x12\x1a\x1e_\xfa(e\xcd\xd0\xb8\"\xc6+\xbd\x00`\xb4\x16\xfe0Rcwm\xb3]\xf4)>(\x1b\x06pL|\xac\x173=C\x8e;\x164,\xcc\x00\xdf%u\xf1\x96\xa1h\x95=%A\x19)\xfcd\x11\x859\xb9\xddm\xd3\xb9#\r\x15\x8c\xd5\xa3\x91\xf0\xa3\xb0\xbc\xae\x0f\x16}\xdc\xd9\x10w\xc0K8*\xaa\xc0\xd5\xa2\x10\x19@z\f\xde\xb0g\xea1\x84\xbf\xa9\xe0\xd2uk\xaf)\x89\xc8\xbfq\xec\x10\xc9\xceQ\x9f \x93\xd9j\x97\xd7\xe0\xf9Z@\x87\xa5e\xf8\xf9y\x01\xa1\x9c\xaa\x01)\xdf\xc4\x04(%\xe1\x90.\x82R\xe6\xfe,p\xd4\xcf:\"\x8b\xc7 \t\xbf\xd9\xb1&_\x1b\xd0\xb9\xa5\x80\vq\x0e\x8d\xda\b\xd0\x04\xde\x01\x97\xbd7 \x12V\x93\x15\x84\x9cZ\xe0\xe6j}\x05i\xc0n\xa8l\x8b\xf4\x96v\xce\xca\xe3\xa3w|\xa5\vk\xd4~-Iw\x15EnB\xeb\xec\xcaX\xb2\x16\x1ak\x12\x18\x913\x81HI\x91\x92\x14.\x14Wv\x13]\xa1\x91\xd7%\x9cv\x05[\v\xebF\x8f\xae\x84\xa8\x9b\xb2\x1c\xe9\x9b0\xaey\xe1\x911'\xa6~\xec\xcc\x17\xa6zi\xc1 P:! \xfc\x97\t\x89\xb0c\xf4\xac\""
    36.273 AT read UNK   2 "\r\n"
    36.283 AT read OK    6 "\r\nOK\r\n"
0000036283 [system] TRACE: received 557
0000036284 [comm] TRACE: chunk
0000036285 [comm] TRACE: chunk idx=10 crc=1 fast=1 updating=1
0000036287 [comm.protocol] INFO: rcv'd message type=7
    36.287 AT read  +   19 "\r\n+UUSORF: 0,1671\r\n"
Socket 0: handle 0 has 1671 bytes pending
    36.298 AT send      16 "AT+USORF=0,813\r\n"
    36.398 AT read  +  597 "\r\n+USORF: 0,\"54.175.126.153\",5684,557,\"\x17\xfe\xfd\x00\x01\x00\x00\x00\x00\x006\x02 \x00\x01\x00\x00\x00\x00\x006\x86\xab\x19\xac\x9b&Z-K\x80\x9b;\xa7\xca\xdbSKF\xbezk\xfb\xacPV\xff\xa6\x06\x00G1#\xb6\v\b\xf7\xce\r~\a\x80{\xbcA7/O\xd2m\xe8\xb8S\xc9q\xc2gJ\x11\xae\xa0V\xd9y\xa6\x0f\x87\xa6*ZS\xfc\x7f\x85c~2\xb8r0\x01R\x13\xe3V\xdd\x95\x8erd\x1c>\xb8$\xa1]\xfb}r\x9b\xbc\xfe*U\b\x93\x0eY\x87:&g}F \x18\x7f\xd0ub\xe12\xda?\xef\x19\xba\xa1V/\t\xed\xd6\xd1N\\D\xb6rG\xef\xa7g8\xc0\xd9\x97\x1f\t\xaa\x12\xb6\xd7C\x8a\xc3\xe2aX\xf0\xd1@6\xb2\x05\xb5\xc1#\xe4\xd7\x15\xb1\xabY{u\xd9U/\xf1\xc4z\xa7I\x81\xff)\xd5\x19\x84x\xf18n\x0e\xb0:X\xb4\xa3\xa2\xb6\xed\xa2\xe0q\xc0\xb1\fK\xe2\xc9\\\x98\xc7\x8e\x12R\xbe\x19%VTTD<\x10\x94\xdf=D\xab\xaf\xb9g\xaa\xa6\\R\xf2\xeb\xbd)8\b\n\x85U\xb9\xa3\x81\xb2\x16\x1a\xba\xf6\xb3m\xa1\v\xbd\x04vD\xd8\xd8\xd7\xd1\xda\xbb\x1a\xf7\x1c;\x85d\x8c\x04\xb1\b\x05d\xcfk\x15J\xe0\xa9T\x94\x7fr&N\x1d\xf6\xdc\xe6\xdd\x8d,Y\xa4\xc5m<b\xea\xac\xf4\xd5-\x01\x00\x1d:9\x00P\"\x06\x8e\xa6\xa6\xc7\xb8\xf9\x1f\xf0\x11q \xd0\xf8ns\xf5\x9d\t\x87\xc6\xd6qOd\xb9\xe4\x17Y#\x9a\x9cPb\xcc\x10c\xc5\f\xc5\x90}\xd8\x99\x89\xfa\x156\xffN\xd1\xa5\x16'\xaa\xffy\xa4xQ\xad\xb9b#gp,\x86FF\x96\x9cb\t\x99\xd1\xbce\"\xfcy\xbe\xa7\xd4/O\xde#\x93)\b\x85\xb9\x9e\xa3\x82&\x1d\xf6\xf6\xfe\x9d\xfe\xe27\xdf\xc3+\x8a\xa5B\xf1$\xcc\x91\x90(\xdc\x83I\x94\xff\xb9_\x19\b\x84\xe9vJ\xd2\xc7\xc9\xd4\x7f\x06\xa5\xb1\x06%\x1d\xf4\x00\xf8\x1a\xbe\xa31\xad\n\xd7*<\xeeEp\xe20\xacd1\\\x8cy#\xc6\x0e\x93\x81\x13\x9f6<Sj\b\xfcg\xbd\xe8HL\xa9bH\xb3\x90|\xf8\x8cL\xb5.\n\x97\xb5\x10\x19;\x8f\xea\nW\x14r\nj1\b\xa1I\xde\x95\xfb\xc2\a\xf1\""
    36.428 AT read UNK   2 "\r\n"
    36.438 AT read OK    6 "\r\nOK\r\n"
0000036438 [system] TRACE: received 557
0000036439 [comm] TRACE: chunk
0000036440 [comm] TRACE: chunk idx=11 crc=1 fast=1 updating=1
0000036442 [comm.protocol] INFO: rcv'd message type=7
    36.442 AT read  +   19 "\r\n+UUSORF: 0,2228\r\n"
Socket 0: handle 0 has 2228 bytes pending
    36.453 AT send      16 "AT+USORF=0,813\r\n"
    36.553 AT read  +  597 "\r\n+USORF: 0,\"54.175.126.153\",5684,557,\"\x17\xfe\xfd\x00\x01\x00\x00\x00\x00\x007\x02 \x00\x01\x00\x00\x00\x00\x007R\x98f\xf4\b\x16\xcc\xcf\"\xb39E<t\x0f\x958\xf4\xd2x\xa8\f\xb1\x91}\x0f\xe4?\xd4i+\x1a\xaf\\>w\x17\x95RX\x83\xcb\xe4\n\xea\xa1\x18\x14\x1e\xe9\x83\x1e\x87_,\xc4c\x9db2Kp\x12\xe1Y\xd2\xc5c\xf0F\xa6]d\x0e\x8cH\xf1\f\b-'k_\xa4\x00p\xac\x11\aB\xa3<j\xaf\xdfo\xd4D\xddPYx{\v\xcc\xf9:\xdaPe\xe0\xff\xd4\x9a\x1a\x86\x17\xfa\x9d\x05\xdb\rw\xa3h\x94\"\xce\xcd\"\xc30\xef\x10\xde-ur\x12\f\x9e\x1eg\xa4P\xfb17\xd0\xca\x17b3\xda\xad\b\xbf\x92D4\xfe\xf3\xe4\xcd%\xc3\v\xd5\x99\x02\xafuJ\xd3/\xd6\x03<f\xf7\xfe\xad\xe2\xd4\xef\xfb\x8d\x1c\x1b\x9c\xa2i\xcc\x9f[YzF\xaa\x1f\xeb?(4hg\xdb&=\x18M\x18\x1b\xcf\xc4\xb7\xa7\xdc?\x8b\x99\b-^.\x117\xaf\xd4j6OS.b\x8b\f\xe7u\x17\xda\xcb\xbf\xee?\xc6\xeeH\xf3\xc6CA\xe0\xceP1\xdc\x83\x12\x9d1i\xac\xbf\xc7=\x1f\x0eT;\"\xe22_(\xf6\xaf\x16-\xce`\x99\x9b\xc7yR^\xe7\xfbo\xfa\xc4\x15\x8cF*\x02\xb1\x97\xf8\x13IA6\xa7\x87ca\x1e\xf62\xbc6i\xd1\\\xc1\xa9\x93\xf4\x16C\x8b\x84~\x10\xc4\xc9+\x81\xff\xcf\xce1\x86\xef,0\xa2ea\xe9L\xee\xef|\x16\x8e\xbfY\x81\xa1\xbb_A\x99%\x0f\xef\x9b]\b/S.T\xf7\xf9\xc4\x01\xcdK\xfb\xa9b)\xd5\xef\x16A\x12\x06\xed<p\x8f\x01\xac\n'\xbc\xf6HV\t\n\xe2\x96\xa0\a%\xf1W\x05o:\f\xf8\x17T\xe8S\xdf\x96\xb4X\x9e\xa0~\x8f\x14\x8d\x199Y/\x97\b\xec\x98\xc7N\x84/\t\x13\xeb\xb8v\x9b\xfa;\a\x83\xa0r\xbe\x97\x9d\x00\xfd\xff\x81\xfc}\xdb\xbd_\xd3\x05\t\xf5\xaa\xb9\x9f\xcf\xa2\xf1\x1a\x94\xcaD\v\x15\x0e\xbd\x7f\xd4e\x94\xbe,;\xaf7R\"\xf4\xff\xcc\xf1U\xccVQ\xb8\xf6\x7f\xdd\xc5\xe2~8\xacO\xbc\xd2\xb5^\x7fg\x888\xa3e\xde\xd4\xdb\x0e\xc9P\xc2\x85ZM\x96`jO\xee\x17g\xef\xb5G\x00\""
    36.583 AT read UNK   2 "\r\n"
    36.593 AT read OK    6 "\r\nOK\r\n"
0000036593 [system] TRACE: received 557
0000036594 [comm] TRACE: chunk
0000036595 [comm] TRACE: chunk idx=12 crc=1 fast=1 updating=1
0000036597 [comm.protocol] INFO: rcv'd message type=7
    36.597 AT read  +   19 "\r\n+UUSORF: 0,1671\r\n"
Socket 0: handle 0 has 1671 bytes pending
    36.608 AT send      16 "AT+USORF=0,813\r\n"
    36.708 AT read  +  597 "\r\n+USORF: 0,\"54.175.126.153\",5684,557,\"\x17\xfe\xfd\x00\x01\x00\x00\x00\x00\x008\x02 \x00\x01\x00\x00\x00\x00\x008\x03$\xab\xa5*\\l6leL\xdc{\xf9o\x90\xe2\x1d\x91\x86\xc0;\xdb94\xbbe;\x91W\xe3\xab\xa4\xde\xc5\xeb\xc1M\x8c\xb4\xdc\xbc_A\xe3\xadU\xad\xe3K\xf3\xb5V`ip\x15\xc8\xef\xd5a\xa7\x97j\x8e\xc0\xa48\xcf!\x8b\xf2\v'\x87D4\xe3\xd1\x96x\x92\xceE\xaa\xe2mP\xf2\xfd\x96[\xecud`Q\x9f\xaf\xfcoQA`\xe3\x9e{Zj\xe8\xc7\xf1B\x15\x1b\xba\x1f/\x18\x9c\x17\x06D\xaaF\x0e%W\xc6\xe6,z\x8d\x88\xaer\x86\x83A\x9b\xe4\x8f\x97J\x0e\xb8%n\xe17\nL\xfe\xaa\xd59\xe6]~\x82\x84\xb7\x93\xf5\x82\xb0\x99\r\xfbGF\xd9\xe6\xb5bK\x82\xb3\xaaC\x8d\xc8\x92\bg\x9b\xb5F\xc2\v\xc1:\xa8\t#^\x94)tQ\xec'\xf3\x7fb\xf5\xe0\x06\x88\xe1\xb2O\xcaw\\\xd8E\xd1\xec_\xa7\xdd\xca\x84\xca>\xa4v\xffU\x8d\xc9P\x1c\x04\xbf\x02\xa9\xbd\x01\xfa\x14\x9d\xab m\x87\x7f\xb3\x13gX\xb8(n_\aFR1\xcbU\x9c\x11\x13#pG\xd7w\x0fd4\xb3b\xca[\x8fgU\xe5\xea6\x11M\xfc\xd8u-^\x90\xa1y]\xbe\r5\x8a`4f\xbc.G!nV=\x96G\xaa\xae\xc8\xc7_\xcct\x03i^\x98z\x16\x83\xdc\xb2Na\xdec\x0f\x7fWC\xdb\xf8/\xdf\xcb\xec\xeb\xa0i{o\xe8\xe6\x1aP+\xb1R\x1d,\xcb\x11\x91\x03V\x85U\xec\xae\xbf\xbd~\x8f5\xf0R/M\xb7\x95\xa0\xeb\xec\xfe\xbc\x02\xa0\xff\xbdk\x16\xb9\xd1F\x8a\x02!\xbc\n\xbeX\xfe\xd0\x8bg\xd4tz\xfb\xce\xca\xd0\xb5\xdd\x95t1k\x8b\bU\x12\xe6\x00\x9f\x19z^U\xcamT\xbb)\xa5\xb0\xb2\xc6}\x11\"\x06\x10Q\xe7\xb1\r\xd9\xc71\xc1\xa1\xfd&\x8e\\z\xc5\xa2\x94g\x02H#Y\xd8b\x1az\x99\xfa8\xf9\xd7\xe8\xa65;w\x9f\x8c#\xfa\xac\xbe\x94\xae\x10\xbfl\xefil=\xfas\xca\xcd\x98\x92\xc66xW\xd7\xeb\xe4\x86F\xe1RS\x9f\xba\x15\xfd\x0e>9\xc10\x93\x0ff\x02U\xa1\x84\xf6\xb7\x9c\x11\x9a\x8elYf\xde\xb6\xdc\xdf>\""
    36.738 AT read UNK   2 "\r\n"
    36.748 AT read OK    6 "\r\nOK\r\n"
0000036748 [system] TRACE: received 557
0000036749 [comm] TRACE: chunk
0000036750 [comm] TRACE: chunk idx=13 crc=1 fast=1 updating=1
0000036752 [comm.protocol] INFO: rcv'd message type=7
    36.752 AT read  +   19 "\r\n+UUSORF: 0,1114\r\n"
Socket 0: handle 0 has 1114 bytes pending
    36.763 AT send      16 "AT+USORF=0,813\r\n"
    36.863 AT read  +  597 "\r\n+USORF: 0,\"54.175.126.153\",5684,557,\"\x17\xfe\xfd\x00\x01\x00\x00\x00\x00\x009\x02 \x00\x01\x00\x00\x00\x00\x009F%\xe2\xa1r\x18\xa6.\xe8\xc5\xfa.\x82\xf5\x00F\xe0CM\xb3j\x1e\x16Z3\xefE\xe2\x0e%\xaaA\xb6\x7fz\x1d=\xda\x1e\x0eX\x170\x89\xee\x1b\x98;\xbe&\xda<\xaf\x14Ho\xbco5=\xafO,~\xb3\x13\x1e\xc4\rA\x05\rn\"\xb5\xf4\xa0el\xbf\x02\xc8\xe7\xe0^\xdaZ}\ar\x81g\rm]\xeeFY_\xfc\xc7\xe6\x97\xa49B\xf3\x8ec\xd3T\x1eU\xa7p5\xdfz\xb9\t\xad\xe9\xa29\x17\xacs\xda\xa1T\xe3\x8e\xe1\xa4\xa3\x06=\xe1\xbf>\xd2\x80\xca\xe0\xc7\xa6:\x1e\x11\xb4/\xbd&\x10\xa9\xcfr\xe1\x8a\xcfJ\x90\xdaI\x8d\x05nw\x04~W@\x1e\xe72\x84\xaa\xe3[hb\x8dw\"^\xf9;'e:{\xca\xe7>bw\xedyj\x02\x0e4j\xd9\xc9\"f\xe3\xfb2`\xb8^\xb9\x8e2M\x9e\xd9\x17\xe1\xecG\x86%\xa0\x8b8\x976\"{EF\xbb\x1b\x19\xee\xea\x8b~ZU^\xca9\xeelH\x16\x9f\x1a\xdb\x86\\>*N\x05\xc7\x1c\x0f\xc3\x13\x1d\x82\x1d\x8c\xfdd}\x0e\x1cIJ)Q\xd0\x85\aT\xbbh\x9f\x8a\xc8\xe7l6&\x1e_]\x87S!'\xf0\x90:\x8c\x85\x16\x8e\xbbH\xf1l\xd4\xf4\x9b\x9f\x89\xa5\x8a\fx\xda\xe9\xc9t\xe5#\xb2\xef\xde\xa4\xbe\x95\x90\x98;\xf1o\x1f\xb6\xf3d\xacd\tp\xaaH\xccZ\b\xa8\xda\xae\xb2\x05\xba\xe38\xb8\xfd\xbd\x02\xf3\xa5\x7fx\x80n\xcc2\x85^[\xc6\xaa\b71\x9c\xb3\x0f\xd6\xce\xce\xb2\xa4<\xc3$\x11A\xf1S\xb4+c\x04\xda!|-\xd3\x05\x06\xabM\xf2\x97\xd3\xfe4\x1b|G\xbc\xedk]\xe1\x8d\xf3.%oC\x03\x16A\x9c\xee4SOX\xd9m\x1a\x1a \xdd\x9e}\x85\xc3\xd8i\xd3]C=\x90\x8f\x84\t\xe5]\x9a\xb7\xda\xcd\xe6\xc2\xea\x94^=\xbfX\x14\x1fo%\xec\xe1x!\xff+\x999\x9f:\x9b|\xd8\x81\xfba\x06\xf3\x19\xed\xac\r\xfdE\xf8\x18\xf8\x9dc\xd9\"\xf8B\xf8o\a\xd7\xc6\x13\f\xf8\xdf\x84\xf2\x908-\xc67n\x82\x97\xc162\xa1g\xa3\xbd\xf9\xaef\xc6.\xa0\x9b\x8c\""
    36.893 AT read UNK   2 "\r\n"
    36.903 AT read OK    6 "\r\nOK\r\n"
0000036903 [system] TRACE: received 557
0000036904 [comm] TRACE: chunk
0000036905 [comm] TRACE: chunk idx=14 crc=1 fast=1 updating=1
0000036907 [comm.protocol] INFO: rcv'd message type=7
    36.907 AT read  +   18 "\r\n+UUSORF: 0,557\r\n"
Socket 0: handle 0 has 557 bytes pending
    36.918 AT send      16 "AT+USORF=0,813\r\n"
    37.018 AT read  +  597 "\r\n+USORF: 0,\"54.175.126.153\",5684,557,\"\x17\xfe\xfd\x00\x01\x00\x00\x00\x00\x00:\x02 \x00\x01\x00\x00\x00\x00\x00:\xa3f>\xcev\xa9g\n7\x87~]\xf7\x7f4\xae\x86\x01\xd1\xe3VgT'%{\xce\xe6g\xd6\xa06\xc5\xa6\x8b\x8a\x83DR\xba\xfa%\xd8\xdf\xf03\x99\xe0:\xcevD\x88\xfaU\xf8P\x8d\xf5\x12U\x91J\x96\xb0g\x1bE\xbc7\xf1\xa4\b\x9c\xf8:\xf5\xe4\xe1\xd6\x17\xdb\xda\x8a\x03\x96\xa3{Ph\x1a_6j\xb1i^\xf5\xa7\x1f\x972\x8agc!\xe4\x18M\xf92\xd2\xd8\x87<\xe4\xb2\x95\xada{{@\x85:\x82\xbd1P\xf2l\xfb4]\x1fL\x84\xcdJ\xae\xda\xdd\x13\xd5=\x9e\xbc\xf1&R26NA\xb1\xf7_X0k9\xab<\xe2\x15\xee;\x91\xadaZ\x89\x19\x13\xff\xc7\xdd@\x8f\xde\x14\xde\x94\x1d\x86m;\x12\x96\x14\xc52C\xde\x97\xe0\x80\xb4Y\x9b\xab|\xee\xd7-pDLM\t\x18\x93\x90\xd6\x04M\xd7\x1e\xd1C\xa1q\x19YIa\x14d\xbf\x9dy\xc5}@\x83\x88\xbe\xa1\x95\tv\x01\xb8\xa2Y\x8cITq'W\x89\xf8a\xa5~d?\x83I\xe8U\x8d\x05m\x92\x9f\x9a/\xbc\x9a\xba\xd2|\xb9\xe9tjA\xdf8\x90\x860I-\xa0Z\xdfU\x02\xea\xbd\xe8\xe3s\x83\xf8\xa7\xf07\x92\xcd\xec\xc0\xa7&\xe4\xec7R\xaf\xd0\xcc\xf7\x06l\x9f\xd1\x9a\xd8\xa39\xc6\x94\x7fi\xe3\x14\b\xc7#pL\x9d\x9ej\x12\x1b\x90\xfd\x11\xb8\t\xbe\xb2\x92\x19\x9f\x00\\\x8c+\x0f\v9\x90\x97\xf2VS\xd7\x80\x10\x1c\xc3\x8e\xa4L\x8f\xdf\xb9\xd78\xa7\x00\xe5n`V\xfb\x8a\xe0=\a\x8d\x7f\xcd\x1a\xa5\x8e,\x1c\xdf\xb1\xfe\x87\xf7\xd6\xf9\x9b\xfba\xe4\v\xa5\x1c\xd6M\xad\xd6[\xda\xd6\xb9\x00\xaaMDF:X\x14\xdc.Q\x93\x019\x1fN\xc6*19K,q\x95m\xf5\x0e\xe5a\xe8\xd5\x8a\xbf\x99\xd2Wk\xbe?\xa6b\xaf\x00\xae\xe4\x8d^\xe5(\xc2\x8a\a\xb1a\xa1\r\x9d\x10\xe8\xad\t\xe3q\x03_\xeb\xfa\xe0\xf1\x9e\x9f\xb0`\x8c(Hd\xe6G\x9d\xf8\a^),\xcf2Su\x88\xee\xe1\xf8b\x8f\xd9\x8c\x90\x0f)G\xc9\xe6R\xcf\xf2\x8b~\xd7P\x02\xe0,%\x98\xa2Pe\x19\xf6\xc4\""
    37.049 AT read UNK   2 "\r\n"
    37.059 AT read OK    6 "\r\nOK\r\n"
0000037059 [system] TRACE: received 557
0000037060 [comm] TRACE: chunk
0000037061 [comm] TRACE: chunk idx=15 crc=1 fast=1 updating=1
0000037063 [comm.protocol] INFO: rcv'd message type=7



[... HERE, IT HANGS UNTIL THE PARTICLE 90 SECOND UPDATE TIMEOUT]
